   1               		.file	"Google_voice_assistance_based_smart_home.c"
   2               	__SREG__ = 0x3f
   3               	__SP_H__ = 0x3e
   4               	__SP_L__ = 0x3d
   5               	__CCP__  = 0x34
   6               	__tmp_reg__ = 0
   7               	__zero_reg__ = 1
  15               	.Ltext0:
  16               	.global	serial_init
  18               	serial_init:
  19               	.LFB9:
  20               	.LM1:
  21               	.LVL0:
  22               	/* prologue: function */
  23               	/* frame size = 0 */
  24               	.LM2:
  25 0000 9C01      		movw r18,r24
  26 0002 40E0      		ldi r20,lo8(0)
  27 0004 50E0      		ldi r21,hi8(0)
  28               	.LVL1:
  29 0006 CA01      		movw r24,r20
  30 0008 B901      		movw r22,r18
  31 000a 6058      		subi r22,lo8(-(2000000))
  32 000c 7B47      		sbci r23,hi8(-(2000000))
  33 000e 814E      		sbci r24,hlo8(-(2000000))
  34 0010 9F4F      		sbci r25,hhi8(-(2000000))
  35 0012 F3E0      		ldi r31,3
  36 0014 660F      	1:	lsl r22
  37 0016 771F      		rol r23
  38 0018 881F      		rol r24
  39 001a 991F      		rol r25
  40 001c FA95      		dec r31
  41 001e 01F4      		brne 1b
  42 0020 E4E0      		ldi r30,4
  43 0022 220F      	1:	lsl r18
  44 0024 331F      		rol r19
  45 0026 441F      		rol r20
  46 0028 551F      		rol r21
  47 002a EA95      		dec r30
  48 002c 01F4      		brne 1b
  49               	.LVL2:
  50 002e 0E94 0000 		call __udivmodsi4
  51               	.LVL3:
  52 0032 2150      		subi r18,lo8(-(-1))
  53 0034 3040      		sbci r19,hi8(-(-1))
  54               	.LVL4:
  55               	.LM3:
  56 0036 8FEF      		ldi r24,lo8(-1)
  57 0038 8093 0000 		sts UQEnd,r24
  58 003c 8091 0000 		lds r24,UQEnd
  59 0040 8093 0000 		sts UQFront,r24
  60               	.LM4:
  61 0044 30BD      		out 64-32,r19
  62               	.LVL5:
  63               	.LM5:
  64 0046 29B9      		out 41-32,r18
  65               	.LM6:
  66 0048 86E8      		ldi r24,lo8(-122)
  67 004a 80BD      		out 64-32,r24
  68               	.LM7:
  69 004c 88E9      		ldi r24,lo8(-104)
  70 004e 8AB9      		out 42-32,r24
  71               	.LM8:
  72               	/* #APP */
  73               	 ;  42 "serial.h" 1
  74 0050 7894      		sei
  75               	 ;  0 "" 2
  76               	/* epilogue start */
  77               	.LM9:
  78               	/* #NOAPP */
  79 0052 0895      		ret
  80               	.LFE9:
  82               	.global	serial_finit
  84               	serial_finit:
  85               	.LFB10:
  86               	.LM10:
  87               	.LVL6:
  88 0054 EF92      		push r14
  89 0056 FF92      		push r15
  90 0058 0F93      		push r16
  91 005a 1F93      		push r17
  92               	/* prologue: function */
  93               	/* frame size = 0 */
  94 005c 262F      		mov r18,r22
  95               	.LM11:
  96 005e 7C01      		movw r14,r24
  97 0060 00E0      		ldi r16,lo8(0)
  98 0062 10E0      		ldi r17,hi8(0)
  99 0064 30E0      		ldi r19,lo8(0)
 100               	.LVL7:
 101 0066 40E0      		ldi r20,lo8(0)
 102 0068 50E0      		ldi r21,hi8(0)
 103               	.LVL8:
 104 006a CA01      		movw r24,r20
 105 006c B901      		movw r22,r18
 106               	.LVL9:
 107 006e 28E4      		ldi r18,lo8(125000)
 108 0070 38EE      		ldi r19,hi8(125000)
 109 0072 41E0      		ldi r20,hlo8(125000)
 110 0074 50E0      		ldi r21,hhi8(125000)
 111               	.LVL10:
 112 0076 0E94 0000 		call __mulsi3
 113 007a 6E0D      		add r22,r14
 114 007c 7F1D      		adc r23,r15
 115 007e 801F      		adc r24,r16
 116 0080 911F      		adc r25,r17
 117 0082 B3E0      		ldi r27,3
 118 0084 660F      	1:	lsl r22
 119 0086 771F      		rol r23
 120 0088 881F      		rol r24
 121 008a 991F      		rol r25
 122 008c BA95      		dec r27
 123 008e 01F4      		brne 1b
 124 0090 A4E0      		ldi r26,4
 125 0092 EE0C      	1:	lsl r14
 126 0094 FF1C      		rol r15
 127 0096 001F      		rol r16
 128 0098 111F      		rol r17
 129 009a AA95      		dec r26
 130 009c 01F4      		brne 1b
 131 009e A801      		movw r20,r16
 132 00a0 9701      		movw r18,r14
 133 00a2 0E94 0000 		call __divmodsi4
 134 00a6 2150      		subi r18,lo8(-(-1))
 135 00a8 3040      		sbci r19,hi8(-(-1))
 136               	.LVL11:
 137               	.LM12:
 138 00aa 8FEF      		ldi r24,lo8(-1)
 139               	.LVL12:
 140 00ac 8093 0000 		sts UQEnd,r24
 141 00b0 8091 0000 		lds r24,UQEnd
 142 00b4 8093 0000 		sts UQFront,r24
 143               	.LM13:
 144 00b8 30BD      		out 64-32,r19
 145               	.LVL13:
 146               	.LM14:
 147 00ba 29B9      		out 41-32,r18
 148               	.LM15:
 149 00bc 86E8      		ldi r24,lo8(-122)
 150 00be 80BD      		out 64-32,r24
 151               	.LM16:
 152 00c0 88E9      		ldi r24,lo8(-104)
 153 00c2 8AB9      		out 42-32,r24
 154               	.LM17:
 155               	/* #APP */
 156               	 ;  57 "serial.h" 1
 157 00c4 7894      		sei
 158               	 ;  0 "" 2
 159               	/* epilogue start */
 160               	.LM18:
 161               	/* #NOAPP */
 162 00c6 1F91      		pop r17
 163 00c8 0F91      		pop r16
 164 00ca FF90      		pop r15
 165 00cc EF90      		pop r14
 166 00ce 0895      		ret
 167               	.LFE10:
 169               	.global	serial_read
 171               	serial_read:
 172               	.LFB11:
 173               	.LM19:
 174               	/* prologue: function */
 175               	/* frame size = 0 */
 176               	.LM20:
 177 00d0 8091 0000 		lds r24,UQFront
 178 00d4 8F3F      		cpi r24,lo8(-1)
 179 00d6 01F4      		brne .L6
 180 00d8 E0E0      		ldi r30,lo8(0)
 181               	.LVL14:
 182 00da 00C0      		rjmp .L7
 183               	.LVL15:
 184               	.L6:
 185               	.LM21:
 186 00dc E091 0000 		lds r30,UQFront
 187 00e0 FF27      		clr r31
 188 00e2 E7FD      		sbrc r30,7
 189 00e4 F095      		com r31
 190 00e6 E050      		subi r30,lo8(-(URBuff))
 191 00e8 F040      		sbci r31,hi8(-(URBuff))
 192 00ea E081      		ld r30,Z
 193               	.LVL16:
 194               	.LM22:
 195 00ec 9091 0000 		lds r25,UQFront
 196 00f0 8091 0000 		lds r24,UQEnd
 197 00f4 9817      		cp r25,r24
 198 00f6 01F4      		brne .L8
 199               	.LM23:
 200 00f8 8FEF      		ldi r24,lo8(-1)
 201 00fa 8093 0000 		sts UQEnd,r24
 202 00fe 8091 0000 		lds r24,UQEnd
 203 0102 8093 0000 		sts UQFront,r24
 204 0106 00C0      		rjmp .L7
 205               	.L8:
 206               	.LM24:
 207 0108 8091 0000 		lds r24,UQFront
 208 010c 8F5F      		subi r24,lo8(-(1))
 209 010e 8093 0000 		sts UQFront,r24
 210               	.LM25:
 211 0112 8091 0000 		lds r24,UQFront
 212               	.L7:
 213               	.LM26:
 214 0116 8E2F      		mov r24,r30
 215               	/* epilogue start */
 216 0118 0895      		ret
 217               	.LFE11:
 219               	.global	serial_char
 221               	serial_char:
 222               	.LFB12:
 223               	.LM27:
 224               	/* prologue: function */
 225               	/* frame size = 0 */
 226               	.LVL17:
 227               	.L11:
 228               	.LM28:
 229 011a 5D9B      		sbis 43-32,5
 230 011c 00C0      		rjmp .L11
 231               	.LM29:
 232 011e 8CB9      		out 44-32,r24
 233               	/* epilogue start */
 234               	.LM30:
 235 0120 0895      		ret
 236               	.LFE12:
 238               	.global	serial_string
 240               	serial_string:
 241               	.LFB15:
 242               	.LM31:
 243               	.LVL18:
 244               	/* prologue: function */
 245               	/* frame size = 0 */
 246 0122 FC01      		movw r30,r24
 247 0124 00C0      		rjmp .L15
 248               	.LVL19:
 249               	.L18:
 250               	.LBB53:
 251               	.LBB54:
 252               	.LM32:
 253 0126 5D9B      		sbis 43-32,5
 254 0128 00C0      		rjmp .L18
 255               	.LM33:
 256 012a 8CB9      		out 44-32,r24
 257               	.LBE54:
 258               	.LBE53:
 259               	.LM34:
 260 012c 3196      		adiw r30,1
 261               	.LVL20:
 262               	.L15:
 263               	.LM35:
 264 012e 8081      		ld r24,Z
 265 0130 8823      		tst r24
 266 0132 01F4      		brne .L18
 267               	/* epilogue start */
 268               	.LM36:
 269 0134 0895      		ret
 270               	.LFE15:
 272               	.global	serial_string_P
 274               	serial_string_P:
 275               	.LFB16:
 276               	.LM37:
 277               	.LVL21:
 278               	/* prologue: function */
 279               	/* frame size = 0 */
 280 0136 00C0      		rjmp .L21
 281               	.LVL22:
 282               	.L24:
 283               	.LBB55:
 284               	.LBB56:
 285               	.LM38:
 286 0138 5D9B      		sbis 43-32,5
 287 013a 00C0      		rjmp .L24
 288               	.LM39:
 289 013c 2CB9      		out 44-32,r18
 290               	.L21:
 291 013e FC01      		movw r30,r24
 292               	.LBE56:
 293               	.LBE55:
 294               	.LBB57:
 295               	.LM40:
 296 0140 0196      		adiw r24,1
 297               	/* #APP */
 298               	 ;  133 "serial.h" 1
 299 0142 2491      		lpm r18, Z
 300               		
 301               	 ;  0 "" 2
 302               	/* #NOAPP */
 303               	.LBE57:
 304 0144 2223      		tst r18
 305 0146 01F4      		brne .L24
 306               	/* epilogue start */
 307               	.LM41:
 308 0148 0895      		ret
 309               	.LFE16:
 311               	.global	s_readbuffer
 313               	s_readbuffer:
 314               	.LFB17:
 315               	.LM42:
 316               	.LVL23:
 317 014a EF92      		push r14
 318 014c FF92      		push r15
 319 014e 0F93      		push r16
 320 0150 1F93      		push r17
 321 0152 CF93      		push r28
 322 0154 DF93      		push r29
 323               	/* prologue: function */
 324               	/* frame size = 0 */
 325 0156 7C01      		movw r14,r24
 326 0158 8B01      		movw r16,r22
 327               	.LM43:
 328 015a C0E0      		ldi r28,lo8(0)
 329 015c D0E0      		ldi r29,hi8(0)
 330               	.LVL24:
 331 015e 00C0      		rjmp .L27
 332               	.LVL25:
 333               	.L28:
 334               	.LM44:
 335 0160 0E94 0000 		call serial_read
 336 0164 F701      		movw r30,r14
 337 0166 EC0F      		add r30,r28
 338 0168 FD1F      		adc r31,r29
 339 016a 8083      		st Z,r24
 340               	.LM45:
 341 016c 2196      		adiw r28,1
 342               	.LVL26:
 343               	.L27:
 344 016e C017      		cp r28,r16
 345 0170 D107      		cpc r29,r17
 346 0172 00F0      		brlo .L28
 347               	/* epilogue start */
 348               	.LM46:
 349 0174 DF91      		pop r29
 350 0176 CF91      		pop r28
 351               	.LVL27:
 352 0178 1F91      		pop r17
 353 017a 0F91      		pop r16
 354               	.LVL28:
 355 017c FF90      		pop r15
 356 017e EF90      		pop r14
 357               	.LVL29:
 358 0180 0895      		ret
 359               	.LFE17:
 361               	.global	serial_available
 363               	serial_available:
 364               	.LFB18:
 365               	.LM47:
 366               	/* prologue: function */
 367               	/* frame size = 0 */
 368               	.LM48:
 369 0182 8091 0000 		lds r24,UQFront
 370 0186 8F3F      		cpi r24,lo8(-1)
 371 0188 01F4      		brne .L31
 372 018a 90E0      		ldi r25,lo8(0)
 373 018c 00C0      		rjmp .L32
 374               	.L31:
 375               	.LM49:
 376 018e 9091 0000 		lds r25,UQFront
 377 0192 8091 0000 		lds r24,UQEnd
 378 0196 9817      		cp r25,r24
 379 0198 04F4      		brge .L33
 380               	.LM50:
 381 019a 9091 0000 		lds r25,UQEnd
 382 019e 8091 0000 		lds r24,UQFront
 383 01a2 9F5F      		subi r25,lo8(-(1))
 384 01a4 00C0      		rjmp .L36
 385               	.L33:
 386               	.LM51:
 387 01a6 9091 0000 		lds r25,UQFront
 388 01aa 8091 0000 		lds r24,UQEnd
 389 01ae 8917      		cp r24,r25
 390 01b0 04F0      		brlt .L34
 391 01b2 91E0      		ldi r25,lo8(1)
 392 01b4 00C0      		rjmp .L32
 393               	.L34:
 394               	.LM52:
 395 01b6 9091 0000 		lds r25,UQEnd
 396 01ba 8091 0000 		lds r24,UQFront
 397 01be 935D      		subi r25,lo8(-(45))
 398               	.L36:
 399 01c0 981B      		sub r25,r24
 400               	.L32:
 401               	.LM53:
 402 01c2 892F      		mov r24,r25
 403               	/* epilogue start */
 404 01c4 0895      		ret
 405               	.LFE18:
 407               	.global	s_clearbuffer
 409               	s_clearbuffer:
 410               	.LFB19:
 411               	.LM54:
 412               	/* prologue: function */
 413               	/* frame size = 0 */
 414 01c6 00C0      		rjmp .L38
 415               	.L39:
 416               	.LM55:
 417 01c8 0E94 0000 		call serial_read
 418               	.L38:
 419               	.LM56:
 420 01cc 0E94 0000 		call serial_available
 421 01d0 8823      		tst r24
 422 01d2 01F4      		brne .L39
 423               	/* epilogue start */
 424               	.LM57:
 425 01d4 0895      		ret
 426               	.LFE19:
 428               	.global	serial_nreadw
 430               	serial_nreadw:
 431               	.LFB20:
 432               	.LM58:
 433               	.LVL30:
 434 01d6 1F93      		push r17
 435 01d8 CF93      		push r28
 436 01da DF93      		push r29
 437               	/* prologue: function */
 438               	/* frame size = 0 */
 439 01dc EC01      		movw r28,r24
 440 01de 162F      		mov r17,r22
 441               	.LVL31:
 442               	.L42:
 443               	.LM59:
 444 01e0 0E94 0000 		call serial_available
 445 01e4 8117      		cp r24,r17
 446 01e6 00F0      		brlo .L42
 447               	.LM60:
 448 01e8 CE01      		movw r24,r28
 449 01ea 612F      		mov r22,r17
 450 01ec 70E0      		ldi r23,lo8(0)
 451 01ee 0E94 0000 		call s_readbuffer
 452               	.LM61:
 453 01f2 81E0      		ldi r24,lo8(1)
 454               	/* epilogue start */
 455 01f4 DF91      		pop r29
 456 01f6 CF91      		pop r28
 457               	.LVL32:
 458 01f8 1F91      		pop r17
 459               	.LVL33:
 460 01fa 0895      		ret
 461               	.LFE20:
 463               	.global	serial_nread
 465               	serial_nread:
 466               	.LFB21:
 467               	.LM62:
 468               	.LVL34:
 469 01fc 1F93      		push r17
 470 01fe CF93      		push r28
 471 0200 DF93      		push r29
 472               	/* prologue: function */
 473               	/* frame size = 0 */
 474 0202 EC01      		movw r28,r24
 475 0204 162F      		mov r17,r22
 476               	.LM63:
 477 0206 0E94 0000 		call serial_available
 478               	.LVL35:
 479 020a 8117      		cp r24,r17
 480 020c 00F0      		brlo .L46
 481               	.LM64:
 482 020e CE01      		movw r24,r28
 483 0210 612F      		mov r22,r17
 484 0212 70E0      		ldi r23,lo8(0)
 485 0214 0E94 0000 		call s_readbuffer
 486 0218 81E0      		ldi r24,lo8(1)
 487 021a 00C0      		rjmp .L47
 488               	.L46:
 489               	.LM65:
 490 021c 1882      		st Y,__zero_reg__
 491 021e 80E0      		ldi r24,lo8(0)
 492               	.L47:
 493               	/* epilogue start */
 494               	.LM66:
 495 0220 DF91      		pop r29
 496 0222 CF91      		pop r28
 497               	.LVL36:
 498 0224 1F91      		pop r17
 499               	.LVL37:
 500 0226 0895      		ret
 501               	.LFE21:
 503               	.global	__vector_13
 505               	__vector_13:
 506               	.LFB22:
 507               	.LM67:
 508 0228 1F92      		push __zero_reg__
 509 022a 0F92      		push r0
 510 022c 0FB6      		in r0,__SREG__
 511 022e 0F92      		push r0
 512 0230 1124      		clr __zero_reg__
 513 0232 2F93      		push r18
 514 0234 3F93      		push r19
 515 0236 4F93      		push r20
 516 0238 8F93      		push r24
 517 023a 9F93      		push r25
 518 023c EF93      		push r30
 519 023e FF93      		push r31
 520               	/* prologue: Signal */
 521               	/* frame size = 0 */
 522               	.LM68:
 523 0240 4CB1      		in r20,44-32
 524               	.LVL38:
 525               	.LM69:
 526 0242 8091 0000 		lds r24,UQEnd
 527 0246 8091 0000 		lds r24,UQEnd
 528 024a 2091 0000 		lds r18,UQFront
 529 024e 9927      		clr r25
 530 0250 87FD      		sbrc r24,7
 531 0252 9095      		com r25
 532 0254 0196      		adiw r24,1
 533 0256 3327      		clr r19
 534 0258 27FD      		sbrc r18,7
 535 025a 3095      		com r19
 536 025c 8217      		cp r24,r18
 537 025e 9307      		cpc r25,r19
 538 0260 01F4      		brne .L50
 539               	.LM70:
 540 0262 8091 0000 		lds r24,UQFront
 541 0266 8F5F      		subi r24,lo8(-(1))
 542 0268 8093 0000 		sts UQFront,r24
 543               	.LM71:
 544 026c 8091 0000 		lds r24,UQFront
 545               	.L50:
 546               	.LM72:
 547 0270 8091 0000 		lds r24,UQEnd
 548               	.LM73:
 549 0274 8091 0000 		lds r24,UQEnd
 550 0278 8F5F      		subi r24,lo8(-(1))
 551 027a 8093 0000 		sts UQEnd,r24
 552               	.LM74:
 553 027e E091 0000 		lds r30,UQEnd
 554 0282 FF27      		clr r31
 555 0284 E7FD      		sbrc r30,7
 556 0286 F095      		com r31
 557 0288 E050      		subi r30,lo8(-(URBuff))
 558 028a F040      		sbci r31,hi8(-(URBuff))
 559 028c 4083      		st Z,r20
 560               	.LM75:
 561 028e 8091 0000 		lds r24,UQFront
 562 0292 8F3F      		cpi r24,lo8(-1)
 563 0294 01F4      		brne .L52
 564 0296 1092 0000 		sts UQFront,__zero_reg__
 565               	.L52:
 566               	/* epilogue start */
 567               	.LM76:
 568 029a FF91      		pop r31
 569 029c EF91      		pop r30
 570 029e 9F91      		pop r25
 571 02a0 8F91      		pop r24
 572 02a2 4F91      		pop r20
 573               	.LVL39:
 574 02a4 3F91      		pop r19
 575 02a6 2F91      		pop r18
 576 02a8 0F90      		pop r0
 577 02aa 0FBE      		out __SREG__,r0
 578 02ac 0F90      		pop r0
 579 02ae 1F90      		pop __zero_reg__
 580 02b0 1895      		reti
 581               	.LFE22:
 583               	.global	urclear
 585               	urclear:
 586               	.LFB23:
 587               	.LM77:
 588               	/* prologue: function */
 589               	/* frame size = 0 */
 590               	.LM78:
 591 02b2 80E0      		ldi r24,lo8(0)
 592 02b4 90E0      		ldi r25,hi8(0)
 593               	.LVL40:
 594               	.L54:
 595               	.LBB58:
 596               	.LM79:
 597 02b6 FC01      		movw r30,r24
 598 02b8 E050      		subi r30,lo8(-(URBuff))
 599 02ba F040      		sbci r31,hi8(-(URBuff))
 600 02bc 1082      		st Z,__zero_reg__
 601               	.LM80:
 602 02be 0196      		adiw r24,1
 603 02c0 8038      		cpi r24,128
 604 02c2 9105      		cpc r25,__zero_reg__
 605 02c4 01F4      		brne .L54
 606               	/* epilogue start */
 607               	.LBE58:
 608               	.LM81:
 609 02c6 0895      		ret
 610               	.LFE23:
 613               	lcd_write:
 614               	.LFB32:
 615               	.LM82:
 616               	.LVL41:
 617               	/* prologue: function */
 618               	/* frame size = 0 */
 619               	.LM83:
 620 02c8 6623      		tst r22
 621 02ca 01F0      		breq .L58
 622               	.LM84:
 623 02cc DC9A      		sbi 59-32,4
 624 02ce 00C0      		rjmp .L59
 625               	.L58:
 626               	.LM85:
 627 02d0 DC98      		cbi 59-32,4
 628               	.L59:
 629               	.LM86:
 630 02d2 DD98      		cbi 59-32,5
 631               	.LM87:
 632 02d4 A49A      		sbi 52-32,4
 633               	.LM88:
 634 02d6 A59A      		sbi 52-32,5
 635               	.LM89:
 636 02d8 A69A      		sbi 52-32,6
 637               	.LM90:
 638 02da A79A      		sbi 52-32,7
 639               	.LM91:
 640 02dc AF98      		cbi 53-32,7
 641               	.LM92:
 642 02de AE98      		cbi 53-32,6
 643               	.LM93:
 644 02e0 AD98      		cbi 53-32,5
 645               	.LM94:
 646 02e2 AC98      		cbi 53-32,4
 647               	.LM95:
 648 02e4 87FD      		sbrc r24,7
 649 02e6 AF9A      		sbi 53-32,7
 650               	.L60:
 651               	.LM96:
 652 02e8 86FD      		sbrc r24,6
 653               	.LVL42:
 654 02ea AE9A      		sbi 53-32,6
 655               	.L61:
 656               	.LM97:
 657 02ec 85FD      		sbrc r24,5
 658 02ee AD9A      		sbi 53-32,5
 659               	.L62:
 660               	.LM98:
 661 02f0 84FD      		sbrc r24,4
 662 02f2 AC9A      		sbi 53-32,4
 663               	.L63:
 664               	.LBB59:
 665               	.LBB60:
 666               	.LM99:
 667 02f4 DE9A      		sbi 59-32,6
 668               	.LM100:
 669               	/* #APP */
 670               	 ;  360 "lcd.h" 1
 671 02f6 00C0      		rjmp 1f
 672               	 1:
 673               	 ;  0 "" 2
 674               	.LM101:
 675               	/* #NOAPP */
 676 02f8 DE98      		cbi 59-32,6
 677               	.LBE60:
 678               	.LBE59:
 679               	.LM102:
 680 02fa AF98      		cbi 53-32,7
 681               	.LM103:
 682 02fc AE98      		cbi 53-32,6
 683               	.LM104:
 684 02fe AD98      		cbi 53-32,5
 685               	.LM105:
 686 0300 AC98      		cbi 53-32,4
 687               	.LM106:
 688 0302 83FD      		sbrc r24,3
 689 0304 AF9A      		sbi 53-32,7
 690               	.L64:
 691               	.LM107:
 692 0306 82FD      		sbrc r24,2
 693 0308 AE9A      		sbi 53-32,6
 694               	.L65:
 695               	.LM108:
 696 030a 81FD      		sbrc r24,1
 697 030c AD9A      		sbi 53-32,5
 698               	.L66:
 699               	.LM109:
 700 030e 80FD      		sbrc r24,0
 701 0310 AC9A      		sbi 53-32,4
 702               	.L67:
 703               	.LBB61:
 704               	.LBB62:
 705               	.LM110:
 706 0312 DE9A      		sbi 59-32,6
 707               	.LM111:
 708               	/* #APP */
 709               	 ;  360 "lcd.h" 1
 710 0314 00C0      		rjmp 1f
 711               	 1:
 712               	 ;  0 "" 2
 713               	.LM112:
 714               	/* #NOAPP */
 715 0316 DE98      		cbi 59-32,6
 716               	.LBE62:
 717               	.LBE61:
 718               	.LM113:
 719 0318 AC9A      		sbi 53-32,4
 720               	.LM114:
 721 031a AD9A      		sbi 53-32,5
 722               	.LM115:
 723 031c AE9A      		sbi 53-32,6
 724               	.LM116:
 725 031e AF9A      		sbi 53-32,7
 726               	/* epilogue start */
 727               	.LM117:
 728 0320 0895      		ret
 729               	.LFE32:
 732               	lcd_waitbusy:
 733               	.LFB34:
 734               	.LM118:
 735               	/* prologue: function */
 736               	/* frame size = 0 */
 737               	.LBB63:
 738               	.LBB64:
 739               	.LM119:
 740 0322 80E0      		ldi r24,lo8(9984)
 741 0324 97E2      		ldi r25,hi8(9984)
 742               	.LVL43:
 743               	/* #APP */
 744               	 ;  339 "lcd.h" 1
 745 0326 0197      		1: sbiw r24,1
 746 0328 01F4      		brne 1b
 747               	 ;  0 "" 2
 748               	/* #NOAPP */
 749               	.LBE64:
 750               	.LBE63:
 751               	.LBB65:
 752               	.LBB66:
 753 032a 84E0      		ldi r24,lo8(4)
 754 032c 90E0      		ldi r25,hi8(4)
 755               	.LVL44:
 756               	/* #APP */
 757               	 ;  339 "lcd.h" 1
 758 032e 0197      		1: sbiw r24,1
 759 0330 01F4      		brne 1b
 760               	 ;  0 "" 2
 761               	/* #NOAPP */
 762               	.LBE66:
 763               	.LBE65:
 764               	.LBB67:
 765               	.LBB68:
 766               	.LM120:
 767 0332 DC98      		cbi 59-32,4
 768               	.LM121:
 769 0334 DD9A      		sbi 59-32,5
 770               	.LM122:
 771 0336 A498      		cbi 52-32,4
 772               	.LM123:
 773 0338 A598      		cbi 52-32,5
 774               	.LM124:
 775 033a A698      		cbi 52-32,6
 776               	.LM125:
 777 033c A798      		cbi 52-32,7
 778               	.LM126:
 779 033e DE9A      		sbi 59-32,6
 780               	.LM127:
 781               	/* #APP */
 782               	 ;  493 "lcd.h" 1
 783 0340 00C0      		rjmp 1f
 784               	 1:
 785               	 ;  0 "" 2
 786               	.LM128:
 787               	/* #NOAPP */
 788 0342 9C9B      		sbis 51-32,4
 789 0344 00C0      		rjmp .L70
 790 0346 80E1      		ldi r24,lo8(16)
 791               	.LVL45:
 792 0348 00C0      		rjmp .L71
 793               	.LVL46:
 794               	.L70:
 795 034a 80E0      		ldi r24,lo8(0)
 796               	.LVL47:
 797               	.L71:
 798               	.LM129:
 799 034c 9D99      		sbic 51-32,5
 800 034e 8062      		ori r24,lo8(32)
 801               	.L72:
 802               	.LM130:
 803 0350 9E99      		sbic 51-32,6
 804 0352 8064      		ori r24,lo8(64)
 805               	.L73:
 806               	.LM131:
 807 0354 9F99      		sbic 51-32,7
 808 0356 8068      		ori r24,lo8(-128)
 809               	.L74:
 810               	.LM132:
 811 0358 DE98      		cbi 59-32,6
 812               	.LM133:
 813               	/* #APP */
 814               	 ;  501 "lcd.h" 1
 815 035a 00C0      		rjmp 1f
 816               	 1:
 817               	 ;  0 "" 2
 818               	.LM134:
 819               	/* #NOAPP */
 820 035c DE9A      		sbi 59-32,6
 821               	.LM135:
 822               	/* #APP */
 823               	 ;  505 "lcd.h" 1
 824 035e 00C0      		rjmp 1f
 825               	 1:
 826               	 ;  0 "" 2
 827               	.LM136:
 828               	/* #NOAPP */
 829 0360 9C99      		sbic 51-32,4
 830 0362 8160      		ori r24,lo8(1)
 831               	.L75:
 832               	.LM137:
 833 0364 9D99      		sbic 51-32,5
 834 0366 8260      		ori r24,lo8(2)
 835               	.L76:
 836               	.LM138:
 837 0368 9E99      		sbic 51-32,6
 838 036a 8460      		ori r24,lo8(4)
 839               	.L77:
 840               	.LM139:
 841 036c 9F99      		sbic 51-32,7
 842 036e 8860      		ori r24,lo8(8)
 843               	.L78:
 844               	.LM140:
 845 0370 DE98      		cbi 59-32,6
 846               	.LVL48:
 847               	/* epilogue start */
 848               	.LBE68:
 849               	.LBE67:
 850               	.LM141:
 851 0372 0895      		ret
 852               	.LFE34:
 854               	.global	lcd_command
 856               	lcd_command:
 857               	.LFB36:
 858               	.LM142:
 859               	.LVL49:
 860 0374 1F93      		push r17
 861               	/* prologue: function */
 862               	/* frame size = 0 */
 863 0376 182F      		mov r17,r24
 864               	.LM143:
 865 0378 0E94 0000 		call lcd_waitbusy
 866               	.LVL50:
 867               	.LM144:
 868 037c 812F      		mov r24,r17
 869 037e 60E0      		ldi r22,lo8(0)
 870 0380 0E94 0000 		call lcd_write
 871               	/* epilogue start */
 872               	.LM145:
 873 0384 1F91      		pop r17
 874               	.LVL51:
 875 0386 0895      		ret
 876               	.LFE36:
 878               	.global	lcd_data
 880               	lcd_data:
 881               	.LFB37:
 882               	.LM146:
 883               	.LVL52:
 884 0388 1F93      		push r17
 885               	/* prologue: function */
 886               	/* frame size = 0 */
 887 038a 182F      		mov r17,r24
 888               	.LM147:
 889 038c 0E94 0000 		call lcd_waitbusy
 890               	.LVL53:
 891               	.LM148:
 892 0390 812F      		mov r24,r17
 893 0392 61E0      		ldi r22,lo8(1)
 894 0394 0E94 0000 		call lcd_write
 895               	/* epilogue start */
 896               	.LM149:
 897 0398 1F91      		pop r17
 898               	.LVL54:
 899 039a 0895      		ret
 900               	.LFE37:
 902               	.global	lcd_gotoxy
 904               	lcd_gotoxy:
 905               	.LFB38:
 906               	.LM150:
 907               	.LVL55:
 908               	/* prologue: function */
 909               	/* frame size = 0 */
 910               	.LM151:
 911 039c 6623      		tst r22
 912 039e 01F4      		brne .L85
 913               	.LM152:
 914 03a0 8058      		subi r24,lo8(-(-128))
 915               	.LVL56:
 916 03a2 00C0      		rjmp .L88
 917               	.LVL57:
 918               	.L85:
 919               	.LM153:
 920 03a4 8054      		subi r24,lo8(-(-64))
 921               	.LVL58:
 922               	.L88:
 923 03a6 0E94 0000 		call lcd_command
 924               	.LVL59:
 925 03aa 0895      		ret
 926               	.LFE38:
 928               	.global	lcd_getxy
 930               	lcd_getxy:
 931               	.LFB39:
 932               	.LM154:
 933               	/* prologue: function */
 934               	/* frame size = 0 */
 935               	.LM155:
 936 03ac 0E94 0000 		call lcd_waitbusy
 937               	.LM156:
 938 03b0 90E0      		ldi r25,lo8(0)
 939               	/* epilogue start */
 940 03b2 0895      		ret
 941               	.LFE39:
 943               	.global	lcd_clear
 945               	lcd_clear:
 946               	.LFB40:
 947               	.LM157:
 948               	/* prologue: function */
 949               	/* frame size = 0 */
 950               	.LM158:
 951 03b4 81E0      		ldi r24,lo8(1)
 952 03b6 0E94 0000 		call lcd_command
 953               	/* epilogue start */
 954               	.LM159:
 955 03ba 0895      		ret
 956               	.LFE40:
 958               	.global	lcd_home
 960               	lcd_home:
 961               	.LFB42:
 962               	.LM160:
 963               	/* prologue: function */
 964               	/* frame size = 0 */
 965               	.LM161:
 966 03bc 82E0      		ldi r24,lo8(2)
 967 03be 0E94 0000 		call lcd_command
 968               	/* epilogue start */
 969               	.LM162:
 970 03c2 0895      		ret
 971               	.LFE42:
 973               	.global	lcd_putc
 975               	lcd_putc:
 976               	.LFB43:
 977               	.LM163:
 978               	.LVL60:
 979 03c4 1F93      		push r17
 980               	/* prologue: function */
 981               	/* frame size = 0 */
 982 03c6 182F      		mov r17,r24
 983               	.LM164:
 984 03c8 0E94 0000 		call lcd_waitbusy
 985               	.LVL61:
 986               	.LM165:
 987 03cc 1A30      		cpi r17,lo8(10)
 988 03ce 01F4      		brne .L96
 989               	.LBB69:
 990               	.LBB70:
 991               	.LM166:
 992 03d0 8034      		cpi r24,lo8(64)
 993               	.LVL62:
 994 03d2 00F0      		brlo .L97
 995 03d4 80E0      		ldi r24,lo8(0)
 996               	.LVL63:
 997 03d6 00C0      		rjmp .L98
 998               	.LVL64:
 999               	.L97:
 1000 03d8 80E4      		ldi r24,lo8(64)
 1001               	.LVL65:
 1002               	.L98:
 1003               	.LM167:
 1004 03da 8058      		subi r24,lo8(-(-128))
 1005               	.LVL66:
 1006 03dc 0E94 0000 		call lcd_command
 1007 03e0 00C0      		rjmp .L100
 1008               	.L96:
 1009               	.LBE70:
 1010               	.LBE69:
 1011               	.LM168:
 1012 03e2 812F      		mov r24,r17
 1013 03e4 61E0      		ldi r22,lo8(1)
 1014 03e6 0E94 0000 		call lcd_write
 1015               	.L100:
 1016               	/* epilogue start */
 1017               	.LM169:
 1018 03ea 1F91      		pop r17
 1019               	.LVL67:
 1020 03ec 0895      		ret
 1021               	.LFE43:
 1023               	.global	lcd_string
 1025               	lcd_string:
 1026               	.LFB44:
 1027               	.LM170:
 1028               	.LVL68:
 1029 03ee CF93      		push r28
 1030 03f0 DF93      		push r29
 1031               	/* prologue: function */
 1032               	/* frame size = 0 */
 1033 03f2 EC01      		movw r28,r24
 1034 03f4 00C0      		rjmp .L102
 1035               	.LVL69:
 1036               	.L103:
 1037               	.LM171:
 1038 03f6 0E94 0000 		call lcd_putc
 1039               	.LVL70:
 1040               	.L102:
 1041               	.LM172:
 1042 03fa 8991      		ld r24,Y+
 1043               	.LVL71:
 1044 03fc 8823      		tst r24
 1045 03fe 01F4      		brne .L103
 1046               	/* epilogue start */
 1047               	.LM173:
 1048 0400 DF91      		pop r29
 1049 0402 CF91      		pop r28
 1050               	.LVL72:
 1051 0404 0895      		ret
 1052               	.LFE44:
 1054               	.global	lcd_puts_p
 1056               	lcd_puts_p:
 1057               	.LFB45:
 1058               	.LM174:
 1059               	.LVL73:
 1060 0406 CF93      		push r28
 1061 0408 DF93      		push r29
 1062               	/* prologue: function */
 1063               	/* frame size = 0 */
 1064 040a EC01      		movw r28,r24
 1065 040c 00C0      		rjmp .L106
 1066               	.LVL74:
 1067               	.L107:
 1068               	.LM175:
 1069 040e 0E94 0000 		call lcd_putc
 1070               	.LVL75:
 1071               	.L106:
 1072 0412 FE01      		movw r30,r28
 1073               	.LVL76:
 1074               	.LBB71:
 1075               	.LM176:
 1076 0414 2196      		adiw r28,1
 1077               	/* #APP */
 1078               	 ;  758 "lcd.h" 1
 1079 0416 8491      		lpm r24, Z
 1080               		
 1081               	 ;  0 "" 2
 1082               	.LVL77:
 1083               	/* #NOAPP */
 1084               	.LBE71:
 1085 0418 8823      		tst r24
 1086 041a 01F4      		brne .L107
 1087               	/* epilogue start */
 1088               	.LM177:
 1089 041c DF91      		pop r29
 1090 041e CF91      		pop r28
 1091               	.LVL78:
 1092 0420 0895      		ret
 1093               	.LFE45:
 1095               	.global	lcd_string_X
 1097               	lcd_string_X:
 1098               	.LFB46:
 1099               	.LM178:
 1100               	.LVL79:
 1101 0422 CF93      		push r28
 1102 0424 DF93      		push r29
 1103               	/* prologue: function */
 1104               	/* frame size = 0 */
 1105 0426 EC01      		movw r28,r24
 1106 0428 00C0      		rjmp .L110
 1107               	.LVL80:
 1108               	.L111:
 1109               	.LM179:
 1110 042a 0E94 0000 		call lcd_putc
 1111               	.LVL81:
 1112               	.L110:
 1113 042e FE01      		movw r30,r28
 1114               	.LVL82:
 1115               	.LBB72:
 1116               	.LM180:
 1117 0430 2196      		adiw r28,1
 1118               	/* #APP */
 1119               	 ;  775 "lcd.h" 1
 1120 0432 8491      		lpm r24, Z
 1121               		
 1122               	 ;  0 "" 2
 1123               	.LVL83:
 1124               	/* #NOAPP */
 1125               	.LBE72:
 1126 0434 8823      		tst r24
 1127 0436 01F4      		brne .L111
 1128               	/* epilogue start */
 1129               	.LM181:
 1130 0438 DF91      		pop r29
 1131 043a CF91      		pop r28
 1132               	.LVL84:
 1133 043c 0895      		ret
 1134               	.LFE46:
 1136               	.global	lcd_init
 1138               	lcd_init:
 1139               	.LFB47:
 1140               	.LM182:
 1141               	/* prologue: function */
 1142               	/* frame size = 0 */
 1143               	.LM183:
 1144 043e D49A      		sbi 58-32,4
 1145               	.LM184:
 1146 0440 D59A      		sbi 58-32,5
 1147               	.LM185:
 1148 0442 D69A      		sbi 58-32,6
 1149               	.LM186:
 1150 0444 A49A      		sbi 52-32,4
 1151               	.LM187:
 1152 0446 A59A      		sbi 52-32,5
 1153               	.LM188:
 1154 0448 A69A      		sbi 52-32,6
 1155               	.LM189:
 1156 044a A79A      		sbi 52-32,7
 1157               	.LBB73:
 1158               	.LBB74:
 1159               	.LM190:
 1160 044c 80E0      		ldi r24,lo8(32000)
 1161 044e 9DE7      		ldi r25,hi8(32000)
 1162               	.LVL85:
 1163               	/* #APP */
 1164               	 ;  339 "lcd.h" 1
 1165 0450 0197      		1: sbiw r24,1
 1166 0452 01F4      		brne 1b
 1167               	 ;  0 "" 2
 1168               	/* #NOAPP */
 1169               	.LBE74:
 1170               	.LBE73:
 1171               	.LM191:
 1172 0454 AD9A      		sbi 53-32,5
 1173               	.LM192:
 1174 0456 AC9A      		sbi 53-32,4
 1175               	.LBB75:
 1176               	.LBB76:
 1177               	.LM193:
 1178 0458 DE9A      		sbi 59-32,6
 1179               	.LM194:
 1180               	/* #APP */
 1181               	 ;  360 "lcd.h" 1
 1182 045a 00C0      		rjmp 1f
 1183               	 1:
 1184               	 ;  0 "" 2
 1185               	.LM195:
 1186               	/* #NOAPP */
 1187 045c DE98      		cbi 59-32,6
 1188               	.LBE76:
 1189               	.LBE75:
 1190               	.LBB77:
 1191               	.LBB78:
 1192               	.LM196:
 1193 045e 80E0      		ldi r24,lo8(9984)
 1194 0460 97E2      		ldi r25,hi8(9984)
 1195               	.LVL86:
 1196               	/* #APP */
 1197               	 ;  339 "lcd.h" 1
 1198 0462 0197      		1: sbiw r24,1
 1199 0464 01F4      		brne 1b
 1200               	 ;  0 "" 2
 1201               	/* #NOAPP */
 1202               	.LBE78:
 1203               	.LBE77:
 1204               	.LBB79:
 1205               	.LBB80:
 1206               	.LM197:
 1207 0466 DE9A      		sbi 59-32,6
 1208               	.LM198:
 1209               	/* #APP */
 1210               	 ;  360 "lcd.h" 1
 1211 0468 00C0      		rjmp 1f
 1212               	 1:
 1213               	 ;  0 "" 2
 1214               	.LM199:
 1215               	/* #NOAPP */
 1216 046a DE98      		cbi 59-32,6
 1217               	.LBE80:
 1218               	.LBE79:
 1219               	.LBB81:
 1220               	.LBB82:
 1221               	.LM200:
 1222 046c 80E8      		ldi r24,lo8(128)
 1223 046e 90E0      		ldi r25,hi8(128)
 1224               	.LVL87:
 1225 0470 FC01      		movw r30,r24
 1226               	.LVL88:
 1227               	/* #APP */
 1228               	 ;  339 "lcd.h" 1
 1229 0472 3197      		1: sbiw r30,1
 1230 0474 01F4      		brne 1b
 1231               	 ;  0 "" 2
 1232               	/* #NOAPP */
 1233               	.LBE82:
 1234               	.LBE81:
 1235               	.LBB83:
 1236               	.LBB84:
 1237               	.LM201:
 1238 0476 DE9A      		sbi 59-32,6
 1239               	.LM202:
 1240               	/* #APP */
 1241               	 ;  360 "lcd.h" 1
 1242 0478 00C0      		rjmp 1f
 1243               	 1:
 1244               	 ;  0 "" 2
 1245               	.LM203:
 1246               	/* #NOAPP */
 1247 047a DE98      		cbi 59-32,6
 1248               	.LBE84:
 1249               	.LBE83:
 1250               	.LBB85:
 1251               	.LBB86:
 1252               	.LM204:
 1253 047c FC01      		movw r30,r24
 1254               	.LVL89:
 1255               	/* #APP */
 1256               	 ;  339 "lcd.h" 1
 1257 047e 3197      		1: sbiw r30,1
 1258 0480 01F4      		brne 1b
 1259               	 ;  0 "" 2
 1260               	/* #NOAPP */
 1261               	.LBE86:
 1262               	.LBE85:
 1263               	.LM205:
 1264 0482 AC98      		cbi 53-32,4
 1265               	.LBB87:
 1266               	.LBB88:
 1267               	.LM206:
 1268 0484 DE9A      		sbi 59-32,6
 1269               	.LM207:
 1270               	/* #APP */
 1271               	 ;  360 "lcd.h" 1
 1272 0486 00C0      		rjmp 1f
 1273               	 1:
 1274               	 ;  0 "" 2
 1275               	.LM208:
 1276               	/* #NOAPP */
 1277 0488 DE98      		cbi 59-32,6
 1278               	.LBE88:
 1279               	.LBE87:
 1280               	.LBB89:
 1281               	.LBB90:
 1282               	.LM209:
 1283               	/* #APP */
 1284               	 ;  339 "lcd.h" 1
 1285 048a 0197      		1: sbiw r24,1
 1286 048c 01F4      		brne 1b
 1287               	 ;  0 "" 2
 1288               	.LVL90:
 1289               	/* #NOAPP */
 1290               	.LBE90:
 1291               	.LBE89:
 1292               	.LM210:
 1293 048e 88E2      		ldi r24,lo8(40)
 1294               	.LVL91:
 1295 0490 0E94 0000 		call lcd_command
 1296               	.LVL92:
 1297               	.LM211:
 1298 0494 88E0      		ldi r24,lo8(8)
 1299 0496 0E94 0000 		call lcd_command
 1300               	.LM212:
 1301 049a 0E94 0000 		call lcd_clear
 1302               	.LM213:
 1303 049e 86E0      		ldi r24,lo8(6)
 1304 04a0 0E94 0000 		call lcd_command
 1305               	.LM214:
 1306 04a4 8CE0      		ldi r24,lo8(12)
 1307 04a6 0E94 0000 		call lcd_command
 1308               	/* epilogue start */
 1309               	.LM215:
 1310 04aa 0895      		ret
 1311               	.LFE47:
 1313               	.global	all_lights_off
 1315               	all_lights_off:
 1316               	.LFB7:
 1317               	.LM216:
 1318               	/* prologue: function */
 1319               	/* frame size = 0 */
 1320               	.LM217:
 1321 04ac 82E0      		ldi r24,lo8(2)
 1322 04ae 90E0      		ldi r25,hi8(2)
 1323 04b0 60E0      		ldi r22,lo8(0)
 1324 04b2 70E0      		ldi r23,hi8(0)
 1325 04b4 41E0      		ldi r20,lo8(1)
 1326 04b6 50E0      		ldi r21,hi8(1)
 1327 04b8 0E94 0000 		call write
 1328 04bc 82E0      		ldi r24,lo8(2)
 1329 04be 90E0      		ldi r25,hi8(2)
 1330 04c0 61E0      		ldi r22,lo8(1)
 1331 04c2 70E0      		ldi r23,hi8(1)
 1332 04c4 41E0      		ldi r20,lo8(1)
 1333 04c6 50E0      		ldi r21,hi8(1)
 1334 04c8 0E94 0000 		call write
 1335 04cc 82E0      		ldi r24,lo8(2)
 1336 04ce 90E0      		ldi r25,hi8(2)
 1337 04d0 62E0      		ldi r22,lo8(2)
 1338 04d2 70E0      		ldi r23,hi8(2)
 1339 04d4 41E0      		ldi r20,lo8(1)
 1340 04d6 50E0      		ldi r21,hi8(1)
 1341 04d8 0E94 0000 		call write
 1342 04dc 82E0      		ldi r24,lo8(2)
 1343 04de 90E0      		ldi r25,hi8(2)
 1344 04e0 63E0      		ldi r22,lo8(3)
 1345 04e2 70E0      		ldi r23,hi8(3)
 1346 04e4 41E0      		ldi r20,lo8(1)
 1347 04e6 50E0      		ldi r21,hi8(1)
 1348 04e8 0E94 0000 		call write
 1349 04ec 82E0      		ldi r24,lo8(2)
 1350 04ee 90E0      		ldi r25,hi8(2)
 1351 04f0 64E0      		ldi r22,lo8(4)
 1352 04f2 70E0      		ldi r23,hi8(4)
 1353 04f4 41E0      		ldi r20,lo8(1)
 1354 04f6 50E0      		ldi r21,hi8(1)
 1355 04f8 0E94 0000 		call write
 1356 04fc 82E0      		ldi r24,lo8(2)
 1357 04fe 90E0      		ldi r25,hi8(2)
 1358 0500 65E0      		ldi r22,lo8(5)
 1359 0502 70E0      		ldi r23,hi8(5)
 1360 0504 41E0      		ldi r20,lo8(1)
 1361 0506 50E0      		ldi r21,hi8(1)
 1362 0508 0E94 0000 		call write
 1363               	/* epilogue start */
 1364               	.LM218:
 1365 050c 0895      		ret
 1366               	.LFE7:
 1368               	.global	all_lights_on
 1370               	all_lights_on:
 1371               	.LFB6:
 1372               	.LM219:
 1373               	/* prologue: function */
 1374               	/* frame size = 0 */
 1375               	.LM220:
 1376 050e 82E0      		ldi r24,lo8(2)
 1377 0510 90E0      		ldi r25,hi8(2)
 1378 0512 60E0      		ldi r22,lo8(0)
 1379 0514 70E0      		ldi r23,hi8(0)
 1380 0516 40E0      		ldi r20,lo8(0)
 1381 0518 50E0      		ldi r21,hi8(0)
 1382 051a 0E94 0000 		call write
 1383 051e 82E0      		ldi r24,lo8(2)
 1384 0520 90E0      		ldi r25,hi8(2)
 1385 0522 61E0      		ldi r22,lo8(1)
 1386 0524 70E0      		ldi r23,hi8(1)
 1387 0526 40E0      		ldi r20,lo8(0)
 1388 0528 50E0      		ldi r21,hi8(0)
 1389 052a 0E94 0000 		call write
 1390 052e 82E0      		ldi r24,lo8(2)
 1391 0530 90E0      		ldi r25,hi8(2)
 1392 0532 62E0      		ldi r22,lo8(2)
 1393 0534 70E0      		ldi r23,hi8(2)
 1394 0536 40E0      		ldi r20,lo8(0)
 1395 0538 50E0      		ldi r21,hi8(0)
 1396 053a 0E94 0000 		call write
 1397 053e 82E0      		ldi r24,lo8(2)
 1398 0540 90E0      		ldi r25,hi8(2)
 1399 0542 63E0      		ldi r22,lo8(3)
 1400 0544 70E0      		ldi r23,hi8(3)
 1401 0546 40E0      		ldi r20,lo8(0)
 1402 0548 50E0      		ldi r21,hi8(0)
 1403 054a 0E94 0000 		call write
 1404 054e 82E0      		ldi r24,lo8(2)
 1405 0550 90E0      		ldi r25,hi8(2)
 1406 0552 64E0      		ldi r22,lo8(4)
 1407 0554 70E0      		ldi r23,hi8(4)
 1408 0556 40E0      		ldi r20,lo8(0)
 1409 0558 50E0      		ldi r21,hi8(0)
 1410 055a 0E94 0000 		call write
 1411 055e 82E0      		ldi r24,lo8(2)
 1412 0560 90E0      		ldi r25,hi8(2)
 1413 0562 65E0      		ldi r22,lo8(5)
 1414 0564 70E0      		ldi r23,hi8(5)
 1415 0566 40E0      		ldi r20,lo8(0)
 1416 0568 50E0      		ldi r21,hi8(0)
 1417 056a 0E94 0000 		call write
 1418               	/* epilogue start */
 1419               	.LM221:
 1420 056e 0895      		ret
 1421               	.LFE6:
 1423               	.global	lcd_num
 1425               	lcd_num:
 1426               	.LFB41:
 1427               	.LM222:
 1428               	.LVL93:
 1429 0570 0F93      		push r16
 1430 0572 1F93      		push r17
 1431 0574 DF93      		push r29
 1432 0576 CF93      		push r28
 1433 0578 CDB7      		in r28,__SP_L__
 1434 057a DEB7      		in r29,__SP_H__
 1435 057c 2797      		sbiw r28,7
 1436 057e 0FB6      		in __tmp_reg__,__SREG__
 1437 0580 F894      		cli
 1438 0582 DEBF      		out __SP_H__,r29
 1439 0584 0FBE      		out __SREG__,__tmp_reg__
 1440 0586 CDBF      		out __SP_L__,r28
 1441               	/* prologue: function */
 1442               	/* frame size = 7 */
 1443               	.LM223:
 1444 0588 8E01      		movw r16,r28
 1445 058a 0F5F      		subi r16,lo8(-(1))
 1446 058c 1F4F      		sbci r17,hi8(-(1))
 1447 058e A801      		movw r20,r16
 1448 0590 2AE0      		ldi r18,lo8(10)
 1449 0592 30E0      		ldi r19,hi8(10)
 1450 0594 0E94 0000 		call ltoa
 1451               	.LVL94:
 1452               	.LM224:
 1453 0598 C801      		movw r24,r16
 1454 059a 0E94 0000 		call lcd_string
 1455               	/* epilogue start */
 1456               	.LM225:
 1457 059e 2796      		adiw r28,7
 1458 05a0 0FB6      		in __tmp_reg__,__SREG__
 1459 05a2 F894      		cli
 1460 05a4 DEBF      		out __SP_H__,r29
 1461 05a6 0FBE      		out __SREG__,__tmp_reg__
 1462 05a8 CDBF      		out __SP_L__,r28
 1463 05aa CF91      		pop r28
 1464 05ac DF91      		pop r29
 1465 05ae 1F91      		pop r17
 1466 05b0 0F91      		pop r16
 1467 05b2 0895      		ret
 1468               	.LFE41:
 1470               	.global	serial_numl
 1472               	serial_numl:
 1473               	.LFB13:
 1474               	.LM226:
 1475               	.LVL95:
 1476 05b4 0F93      		push r16
 1477 05b6 1F93      		push r17
 1478 05b8 DF93      		push r29
 1479 05ba CF93      		push r28
 1480 05bc CDB7      		in r28,__SP_L__
 1481 05be DEB7      		in r29,__SP_H__
 1482 05c0 2797      		sbiw r28,7
 1483 05c2 0FB6      		in __tmp_reg__,__SREG__
 1484 05c4 F894      		cli
 1485 05c6 DEBF      		out __SP_H__,r29
 1486 05c8 0FBE      		out __SREG__,__tmp_reg__
 1487 05ca CDBF      		out __SP_L__,r28
 1488               	/* prologue: function */
 1489               	/* frame size = 7 */
 1490               	.LM227:
 1491 05cc 8E01      		movw r16,r28
 1492 05ce 0F5F      		subi r16,lo8(-(1))
 1493 05d0 1F4F      		sbci r17,hi8(-(1))
 1494 05d2 A801      		movw r20,r16
 1495 05d4 2AE0      		ldi r18,lo8(10)
 1496 05d6 30E0      		ldi r19,hi8(10)
 1497 05d8 0E94 0000 		call ltoa
 1498               	.LVL96:
 1499               	.LM228:
 1500 05dc C801      		movw r24,r16
 1501 05de 0E94 0000 		call serial_string
 1502               	/* epilogue start */
 1503               	.LM229:
 1504 05e2 2796      		adiw r28,7
 1505 05e4 0FB6      		in __tmp_reg__,__SREG__
 1506 05e6 F894      		cli
 1507 05e8 DEBF      		out __SP_H__,r29
 1508 05ea 0FBE      		out __SREG__,__tmp_reg__
 1509 05ec CDBF      		out __SP_L__,r28
 1510 05ee CF91      		pop r28
 1511 05f0 DF91      		pop r29
 1512 05f2 1F91      		pop r17
 1513 05f4 0F91      		pop r16
 1514 05f6 0895      		ret
 1515               	.LFE13:
 1517               		.data
 1518               	.LC0:
 1519 0000 6874 7470 		.string	"http://api.clobous.com/%s/data/update?%s=%s"
 1519      3A2F 2F61 
 1519      7069 2E63 
 1519      6C6F 626F 
 1519      7573 2E63 
 1520               	.LC1:
 1521 002c 7333 3339 		.string	"s33915"
 1521      3135 00
 1522               	.LC2:
 1523 0033 7B73 7563 		.string	"{success}"
 1523      6365 7373 
 1523      7D00 
 1524               		.text
 1525               	.global	data_update
 1527               	data_update:
 1528               	.LFB26:
 1529               	.LM230:
 1530               	.LVL97:
 1531 05f8 0F93      		push r16
 1532 05fa 1F93      		push r17
 1533 05fc DF93      		push r29
 1534 05fe CF93      		push r28
 1535 0600 CDB7      		in r28,__SP_L__
 1536 0602 DEB7      		in r29,__SP_H__
 1537 0604 C456      		subi r28,lo8(-(-100))
 1538 0606 D040      		sbci r29,hi8(-(-100))
 1539 0608 0FB6      		in __tmp_reg__,__SREG__
 1540 060a F894      		cli
 1541 060c DEBF      		out __SP_H__,r29
 1542 060e 0FBE      		out __SREG__,__tmp_reg__
 1543 0610 CDBF      		out __SP_L__,r28
 1544               	/* prologue: function */
 1545               	/* frame size = 100 */
 1546               	.LM231:
 1547 0612 2DB7      		in r18,__SP_L__
 1548 0614 3EB7      		in r19,__SP_H__
 1549 0616 2A50      		subi r18,lo8(-(-10))
 1550 0618 3040      		sbci r19,hi8(-(-10))
 1551 061a 0FB6      		in __tmp_reg__,__SREG__
 1552 061c F894      		cli
 1553 061e 3EBF      		out __SP_H__,r19
 1554 0620 0FBE      		out __SREG__,__tmp_reg__
 1555 0622 2DBF      		out __SP_L__,r18
 1556 0624 EDB7      		in r30,__SP_L__
 1557 0626 FEB7      		in r31,__SP_H__
 1558 0628 3196      		adiw r30,1
 1559 062a 8E01      		movw r16,r28
 1560 062c 0B5E      		subi r16,lo8(-(21))
 1561 062e 1F4F      		sbci r17,hi8(-(21))
 1562 0630 ADB7      		in r26,__SP_L__
 1563 0632 BEB7      		in r27,__SP_H__
 1564 0634 1296      		adiw r26,1+1
 1565 0636 1C93      		st X,r17
 1566 0638 0E93      		st -X,r16
 1567 063a 1197      		sbiw r26,1
 1568 063c 20E0      		ldi r18,lo8(.LC0)
 1569 063e 30E0      		ldi r19,hi8(.LC0)
 1570 0640 3383      		std Z+3,r19
 1571 0642 2283      		std Z+2,r18
 1572 0644 20E0      		ldi r18,lo8(.LC1)
 1573 0646 30E0      		ldi r19,hi8(.LC1)
 1574 0648 3583      		std Z+5,r19
 1575 064a 2483      		std Z+4,r18
 1576 064c 9783      		std Z+7,r25
 1577 064e 8683      		std Z+6,r24
 1578 0650 7187      		std Z+9,r23
 1579 0652 6087      		std Z+8,r22
 1580 0654 0E94 0000 		call sprintf
 1581               	.LVL98:
 1582               	.LM232:
 1583 0658 2DB7      		in r18,__SP_L__
 1584 065a 3EB7      		in r19,__SP_H__
 1585 065c 265F      		subi r18,lo8(-(10))
 1586 065e 3F4F      		sbci r19,hi8(-(10))
 1587 0660 0FB6      		in __tmp_reg__,__SREG__
 1588 0662 F894      		cli
 1589 0664 3EBF      		out __SP_H__,r19
 1590 0666 0FBE      		out __SREG__,__tmp_reg__
 1591 0668 2DBF      		out __SP_L__,r18
 1592 066a C801      		movw r24,r16
 1593 066c 8E01      		movw r16,r28
 1594 066e 0F5F      		subi r16,lo8(-(1))
 1595 0670 1F4F      		sbci r17,hi8(-(1))
 1596 0672 B801      		movw r22,r16
 1597 0674 0E94 0000 		call wifi_http
 1598               	.LM233:
 1599 0678 C801      		movw r24,r16
 1600 067a 60E0      		ldi r22,lo8(.LC2)
 1601 067c 70E0      		ldi r23,hi8(.LC2)
 1602 067e 0E94 0000 		call compare
 1603 0682 9C01      		movw r18,r24
 1604 0684 0097      		sbiw r24,0
 1605 0686 01F0      		breq .L124
 1606 0688 21E0      		ldi r18,lo8(1)
 1607 068a 30E0      		ldi r19,hi8(1)
 1608               	.L124:
 1609               	.LM234:
 1610 068c C901      		movw r24,r18
 1611               	/* epilogue start */
 1612 068e CC59      		subi r28,lo8(-(100))
 1613 0690 DF4F      		sbci r29,hi8(-(100))
 1614 0692 0FB6      		in __tmp_reg__,__SREG__
 1615 0694 F894      		cli
 1616 0696 DEBF      		out __SP_H__,r29
 1617 0698 0FBE      		out __SREG__,__tmp_reg__
 1618 069a CDBF      		out __SP_L__,r28
 1619 069c CF91      		pop r28
 1620 069e DF91      		pop r29
 1621 06a0 1F91      		pop r17
 1622 06a2 0F91      		pop r16
 1623 06a4 0895      		ret
 1624               	.LFE26:
 1626               		.data
 1627               	.LC3:
 1628 003d 6874 7470 		.string	"http://api.clobous.com/%s/data/update?%s=%d"
 1628      3A2F 2F61 
 1628      7069 2E63 
 1628      6C6F 626F 
 1628      7573 2E63 
 1629               		.text
 1630               	.global	data_updatex
 1632               	data_updatex:
 1633               	.LFB25:
 1634               	.LM235:
 1635               	.LVL99:
 1636 06a6 0F93      		push r16
 1637 06a8 1F93      		push r17
 1638 06aa DF93      		push r29
 1639 06ac CF93      		push r28
 1640 06ae CDB7      		in r28,__SP_L__
 1641 06b0 DEB7      		in r29,__SP_H__
 1642 06b2 C456      		subi r28,lo8(-(-100))
 1643 06b4 D040      		sbci r29,hi8(-(-100))
 1644 06b6 0FB6      		in __tmp_reg__,__SREG__
 1645 06b8 F894      		cli
 1646 06ba DEBF      		out __SP_H__,r29
 1647 06bc 0FBE      		out __SREG__,__tmp_reg__
 1648 06be CDBF      		out __SP_L__,r28
 1649               	/* prologue: function */
 1650               	/* frame size = 100 */
 1651               	.LM236:
 1652 06c0 2DB7      		in r18,__SP_L__
 1653 06c2 3EB7      		in r19,__SP_H__
 1654 06c4 2A50      		subi r18,lo8(-(-10))
 1655 06c6 3040      		sbci r19,hi8(-(-10))
 1656 06c8 0FB6      		in __tmp_reg__,__SREG__
 1657 06ca F894      		cli
 1658 06cc 3EBF      		out __SP_H__,r19
 1659 06ce 0FBE      		out __SREG__,__tmp_reg__
 1660 06d0 2DBF      		out __SP_L__,r18
 1661 06d2 EDB7      		in r30,__SP_L__
 1662 06d4 FEB7      		in r31,__SP_H__
 1663 06d6 3196      		adiw r30,1
 1664 06d8 8E01      		movw r16,r28
 1665 06da 0B5E      		subi r16,lo8(-(21))
 1666 06dc 1F4F      		sbci r17,hi8(-(21))
 1667 06de ADB7      		in r26,__SP_L__
 1668 06e0 BEB7      		in r27,__SP_H__
 1669 06e2 1296      		adiw r26,1+1
 1670 06e4 1C93      		st X,r17
 1671 06e6 0E93      		st -X,r16
 1672 06e8 1197      		sbiw r26,1
 1673 06ea 20E0      		ldi r18,lo8(.LC3)
 1674 06ec 30E0      		ldi r19,hi8(.LC3)
 1675 06ee 3383      		std Z+3,r19
 1676 06f0 2283      		std Z+2,r18
 1677 06f2 20E0      		ldi r18,lo8(.LC1)
 1678 06f4 30E0      		ldi r19,hi8(.LC1)
 1679 06f6 3583      		std Z+5,r19
 1680 06f8 2483      		std Z+4,r18
 1681 06fa 9783      		std Z+7,r25
 1682 06fc 8683      		std Z+6,r24
 1683 06fe 7187      		std Z+9,r23
 1684 0700 6087      		std Z+8,r22
 1685 0702 0E94 0000 		call sprintf
 1686               	.LVL100:
 1687               	.LM237:
 1688 0706 2DB7      		in r18,__SP_L__
 1689 0708 3EB7      		in r19,__SP_H__
 1690 070a 265F      		subi r18,lo8(-(10))
 1691 070c 3F4F      		sbci r19,hi8(-(10))
 1692 070e 0FB6      		in __tmp_reg__,__SREG__
 1693 0710 F894      		cli
 1694 0712 3EBF      		out __SP_H__,r19
 1695 0714 0FBE      		out __SREG__,__tmp_reg__
 1696 0716 2DBF      		out __SP_L__,r18
 1697 0718 C801      		movw r24,r16
 1698 071a 8E01      		movw r16,r28
 1699 071c 0F5F      		subi r16,lo8(-(1))
 1700 071e 1F4F      		sbci r17,hi8(-(1))
 1701 0720 B801      		movw r22,r16
 1702 0722 0E94 0000 		call wifi_http
 1703               	.LM238:
 1704 0726 C801      		movw r24,r16
 1705 0728 60E0      		ldi r22,lo8(.LC2)
 1706 072a 70E0      		ldi r23,hi8(.LC2)
 1707 072c 0E94 0000 		call compare
 1708 0730 9C01      		movw r18,r24
 1709 0732 0097      		sbiw r24,0
 1710 0734 01F0      		breq .L127
 1711 0736 21E0      		ldi r18,lo8(1)
 1712 0738 30E0      		ldi r19,hi8(1)
 1713               	.L127:
 1714               	.LM239:
 1715 073a C901      		movw r24,r18
 1716               	/* epilogue start */
 1717 073c CC59      		subi r28,lo8(-(100))
 1718 073e DF4F      		sbci r29,hi8(-(100))
 1719 0740 0FB6      		in __tmp_reg__,__SREG__
 1720 0742 F894      		cli
 1721 0744 DEBF      		out __SP_H__,r29
 1722 0746 0FBE      		out __SREG__,__tmp_reg__
 1723 0748 CDBF      		out __SP_L__,r28
 1724 074a CF91      		pop r28
 1725 074c DF91      		pop r29
 1726 074e 1F91      		pop r17
 1727 0750 0F91      		pop r16
 1728 0752 0895      		ret
 1729               	.LFE25:
 1731               		.data
 1732               	.LC4:
 1733 0069 6874 7470 		.string	"http://api.clobous.com/%s/track/?lat=%s&long=%s&speed=%s"
 1733      3A2F 2F61 
 1733      7069 2E63 
 1733      6C6F 626F 
 1733      7573 2E63 
 1734               		.text
 1735               	.global	gps_update
 1737               	gps_update:
 1738               	.LFB24:
 1739               	.LM240:
 1740               	.LVL101:
 1741 0754 0F93      		push r16
 1742 0756 1F93      		push r17
 1743 0758 DF93      		push r29
 1744 075a CF93      		push r28
 1745 075c CDB7      		in r28,__SP_L__
 1746 075e DEB7      		in r29,__SP_H__
 1747 0760 C456      		subi r28,lo8(-(-100))
 1748 0762 D040      		sbci r29,hi8(-(-100))
 1749 0764 0FB6      		in __tmp_reg__,__SREG__
 1750 0766 F894      		cli
 1751 0768 DEBF      		out __SP_H__,r29
 1752 076a 0FBE      		out __SREG__,__tmp_reg__
 1753 076c CDBF      		out __SP_L__,r28
 1754               	/* prologue: function */
 1755               	/* frame size = 100 */
 1756               	.LM241:
 1757 076e 2DB7      		in r18,__SP_L__
 1758 0770 3EB7      		in r19,__SP_H__
 1759 0772 2C50      		subi r18,lo8(-(-12))
 1760 0774 3040      		sbci r19,hi8(-(-12))
 1761 0776 0FB6      		in __tmp_reg__,__SREG__
 1762 0778 F894      		cli
 1763 077a 3EBF      		out __SP_H__,r19
 1764 077c 0FBE      		out __SREG__,__tmp_reg__
 1765 077e 2DBF      		out __SP_L__,r18
 1766 0780 EDB7      		in r30,__SP_L__
 1767 0782 FEB7      		in r31,__SP_H__
 1768 0784 3196      		adiw r30,1
 1769 0786 8E01      		movw r16,r28
 1770 0788 0B5E      		subi r16,lo8(-(21))
 1771 078a 1F4F      		sbci r17,hi8(-(21))
 1772 078c ADB7      		in r26,__SP_L__
 1773 078e BEB7      		in r27,__SP_H__
 1774 0790 1296      		adiw r26,1+1
 1775 0792 1C93      		st X,r17
 1776 0794 0E93      		st -X,r16
 1777 0796 1197      		sbiw r26,1
 1778 0798 20E0      		ldi r18,lo8(.LC4)
 1779 079a 30E0      		ldi r19,hi8(.LC4)
 1780 079c 3383      		std Z+3,r19
 1781 079e 2283      		std Z+2,r18
 1782 07a0 20E0      		ldi r18,lo8(.LC1)
 1783 07a2 30E0      		ldi r19,hi8(.LC1)
 1784 07a4 3583      		std Z+5,r19
 1785 07a6 2483      		std Z+4,r18
 1786 07a8 9783      		std Z+7,r25
 1787 07aa 8683      		std Z+6,r24
 1788 07ac 7187      		std Z+9,r23
 1789 07ae 6087      		std Z+8,r22
 1790 07b0 5387      		std Z+11,r21
 1791 07b2 4287      		std Z+10,r20
 1792 07b4 0E94 0000 		call sprintf
 1793               	.LVL102:
 1794               	.LM242:
 1795 07b8 2DB7      		in r18,__SP_L__
 1796 07ba 3EB7      		in r19,__SP_H__
 1797 07bc 245F      		subi r18,lo8(-(12))
 1798 07be 3F4F      		sbci r19,hi8(-(12))
 1799 07c0 0FB6      		in __tmp_reg__,__SREG__
 1800 07c2 F894      		cli
 1801 07c4 3EBF      		out __SP_H__,r19
 1802 07c6 0FBE      		out __SREG__,__tmp_reg__
 1803 07c8 2DBF      		out __SP_L__,r18
 1804 07ca C801      		movw r24,r16
 1805 07cc 8E01      		movw r16,r28
 1806 07ce 0F5F      		subi r16,lo8(-(1))
 1807 07d0 1F4F      		sbci r17,hi8(-(1))
 1808 07d2 B801      		movw r22,r16
 1809 07d4 0E94 0000 		call wifi_http
 1810               	.LM243:
 1811 07d8 C801      		movw r24,r16
 1812 07da 60E0      		ldi r22,lo8(.LC2)
 1813 07dc 70E0      		ldi r23,hi8(.LC2)
 1814 07de 0E94 0000 		call compare
 1815 07e2 9C01      		movw r18,r24
 1816 07e4 0097      		sbiw r24,0
 1817 07e6 01F0      		breq .L130
 1818 07e8 21E0      		ldi r18,lo8(1)
 1819 07ea 30E0      		ldi r19,hi8(1)
 1820               	.L130:
 1821               	.LM244:
 1822 07ec C901      		movw r24,r18
 1823               	/* epilogue start */
 1824 07ee CC59      		subi r28,lo8(-(100))
 1825 07f0 DF4F      		sbci r29,hi8(-(100))
 1826 07f2 0FB6      		in __tmp_reg__,__SREG__
 1827 07f4 F894      		cli
 1828 07f6 DEBF      		out __SP_H__,r29
 1829 07f8 0FBE      		out __SREG__,__tmp_reg__
 1830 07fa CDBF      		out __SP_L__,r28
 1831 07fc CF91      		pop r28
 1832 07fe DF91      		pop r29
 1833 0800 1F91      		pop r17
 1834 0802 0F91      		pop r16
 1835 0804 0895      		ret
 1836               	.LFE24:
 1838               		.data
 1839               	.LC5:
 1840 00a2 6874 7470 		.string	"http://api.clobous.com/%s/data/retrieve?r&g&b"
 1840      3A2F 2F61 
 1840      7069 2E63 
 1840      6C6F 626F 
 1840      7573 2E63 
 1841               	.LC6:
 1842 00d0 7200      		.string	"r"
 1843               	.LC7:
 1844 00d2 6700      		.string	"g"
 1845               	.LC8:
 1846 00d4 6200      		.string	"b"
 1847               		.text
 1848               	.global	rgb_retrieve
 1850               	rgb_retrieve:
 1851               	.LFB29:
 1852               	.LM245:
 1853               	.LVL103:
 1854 0806 8F92      		push r8
 1855 0808 9F92      		push r9
 1856 080a AF92      		push r10
 1857 080c BF92      		push r11
 1858 080e CF92      		push r12
 1859 0810 DF92      		push r13
 1860 0812 EF92      		push r14
 1861 0814 FF92      		push r15
 1862 0816 0F93      		push r16
 1863 0818 1F93      		push r17
 1864 081a DF93      		push r29
 1865 081c CF93      		push r28
 1866 081e CDB7      		in r28,__SP_L__
 1867 0820 DEB7      		in r29,__SP_H__
 1868 0822 CE56      		subi r28,lo8(-(-110))
 1869 0824 D040      		sbci r29,hi8(-(-110))
 1870 0826 0FB6      		in __tmp_reg__,__SREG__
 1871 0828 F894      		cli
 1872 082a DEBF      		out __SP_H__,r29
 1873 082c 0FBE      		out __SREG__,__tmp_reg__
 1874 082e CDBF      		out __SP_L__,r28
 1875               	/* prologue: function */
 1876               	/* frame size = 110 */
 1877 0830 6C01      		movw r12,r24
 1878 0832 5B01      		movw r10,r22
 1879 0834 4A01      		movw r8,r20
 1880               	.LM246:
 1881 0836 00D0      		rcall .
 1882 0838 00D0      		rcall .
 1883 083a 00D0      		rcall .
 1884 083c EDB7      		in r30,__SP_L__
 1885 083e FEB7      		in r31,__SP_H__
 1886 0840 3196      		adiw r30,1
 1887 0842 8E01      		movw r16,r28
 1888 0844 015E      		subi r16,lo8(-(31))
 1889 0846 1F4F      		sbci r17,hi8(-(31))
 1890 0848 ADB7      		in r26,__SP_L__
 1891 084a BEB7      		in r27,__SP_H__
 1892 084c 1296      		adiw r26,1+1
 1893 084e 1C93      		st X,r17
 1894 0850 0E93      		st -X,r16
 1895 0852 1197      		sbiw r26,1
 1896 0854 80E0      		ldi r24,lo8(.LC5)
 1897 0856 90E0      		ldi r25,hi8(.LC5)
 1898               	.LVL104:
 1899 0858 9383      		std Z+3,r25
 1900 085a 8283      		std Z+2,r24
 1901 085c 80E0      		ldi r24,lo8(.LC1)
 1902 085e 90E0      		ldi r25,hi8(.LC1)
 1903 0860 9583      		std Z+5,r25
 1904 0862 8483      		std Z+4,r24
 1905 0864 0E94 0000 		call sprintf
 1906               	.LVL105:
 1907               	.LM247:
 1908 0868 EDB7      		in r30,__SP_L__
 1909 086a FEB7      		in r31,__SP_H__
 1910 086c 3696      		adiw r30,6
 1911 086e 0FB6      		in __tmp_reg__,__SREG__
 1912 0870 F894      		cli
 1913 0872 FEBF      		out __SP_H__,r31
 1914 0874 0FBE      		out __SREG__,__tmp_reg__
 1915 0876 EDBF      		out __SP_L__,r30
 1916 0878 8BE0      		ldi r24,lo8(11)
 1917 087a E82E      		mov r14,r24
 1918 087c F12C      		mov r15,__zero_reg__
 1919 087e EC0E      		add r14,r28
 1920 0880 FD1E      		adc r15,r29
 1921 0882 C801      		movw r24,r16
 1922 0884 B701      		movw r22,r14
 1923 0886 0E94 0000 		call wifi_http
 1924               	.LM248:
 1925 088a C701      		movw r24,r14
 1926 088c 60E0      		ldi r22,lo8(.LC6)
 1927 088e 70E0      		ldi r23,hi8(.LC6)
 1928 0890 8E01      		movw r16,r28
 1929 0892 0F5F      		subi r16,lo8(-(1))
 1930 0894 1F4F      		sbci r17,hi8(-(1))
 1931 0896 A801      		movw r20,r16
 1932 0898 0E94 0000 		call jsonparser
 1933               	.LM249:
 1934 089c C801      		movw r24,r16
 1935 089e 0E94 0000 		call atoi
 1936 08a2 D601      		movw r26,r12
 1937 08a4 8D93      		st X+,r24
 1938 08a6 9C93      		st X,r25
 1939               	.LM250:
 1940 08a8 C701      		movw r24,r14
 1941 08aa 60E0      		ldi r22,lo8(.LC7)
 1942 08ac 70E0      		ldi r23,hi8(.LC7)
 1943 08ae A801      		movw r20,r16
 1944 08b0 0E94 0000 		call jsonparser
 1945               	.LM251:
 1946 08b4 C801      		movw r24,r16
 1947 08b6 0E94 0000 		call atoi
 1948 08ba F501      		movw r30,r10
 1949 08bc 9183      		std Z+1,r25
 1950 08be 8083      		st Z,r24
 1951               	.LM252:
 1952 08c0 C701      		movw r24,r14
 1953 08c2 60E0      		ldi r22,lo8(.LC8)
 1954 08c4 70E0      		ldi r23,hi8(.LC8)
 1955 08c6 A801      		movw r20,r16
 1956 08c8 0E94 0000 		call jsonparser
 1957               	.LM253:
 1958 08cc C801      		movw r24,r16
 1959 08ce 0E94 0000 		call atoi
 1960 08d2 D401      		movw r26,r8
 1961 08d4 8D93      		st X+,r24
 1962 08d6 9C93      		st X,r25
 1963               	.LM254:
 1964 08d8 81E0      		ldi r24,lo8(1)
 1965 08da 90E0      		ldi r25,hi8(1)
 1966               	/* epilogue start */
 1967 08dc C259      		subi r28,lo8(-(110))
 1968 08de DF4F      		sbci r29,hi8(-(110))
 1969 08e0 0FB6      		in __tmp_reg__,__SREG__
 1970 08e2 F894      		cli
 1971 08e4 DEBF      		out __SP_H__,r29
 1972 08e6 0FBE      		out __SREG__,__tmp_reg__
 1973 08e8 CDBF      		out __SP_L__,r28
 1974 08ea CF91      		pop r28
 1975 08ec DF91      		pop r29
 1976 08ee 1F91      		pop r17
 1977 08f0 0F91      		pop r16
 1978 08f2 FF90      		pop r15
 1979 08f4 EF90      		pop r14
 1980 08f6 DF90      		pop r13
 1981 08f8 CF90      		pop r12
 1982               	.LVL106:
 1983 08fa BF90      		pop r11
 1984 08fc AF90      		pop r10
 1985               	.LVL107:
 1986 08fe 9F90      		pop r9
 1987 0900 8F90      		pop r8
 1988               	.LVL108:
 1989 0902 0895      		ret
 1990               	.LFE29:
 1992               		.data
 1993               	.LC9:
 1994 00d6 6874 7470 		.string	"http://api.clobous.com/%s/data/retrieve?%s"
 1994      3A2F 2F61 
 1994      7069 2E63 
 1994      6C6F 626F 
 1994      7573 2E63 
 1995               		.text
 1996               	.global	data_retrievex
 1998               	data_retrievex:
 1999               	.LFB27:
 2000               	.LM255:
 2001               	.LVL109:
 2002 0904 CF92      		push r12
 2003 0906 DF92      		push r13
 2004 0908 EF92      		push r14
 2005 090a FF92      		push r15
 2006 090c 0F93      		push r16
 2007 090e 1F93      		push r17
 2008 0910 DF93      		push r29
 2009 0912 CF93      		push r28
 2010 0914 CDB7      		in r28,__SP_L__
 2011 0916 DEB7      		in r29,__SP_H__
 2012 0918 CE56      		subi r28,lo8(-(-110))
 2013 091a D040      		sbci r29,hi8(-(-110))
 2014 091c 0FB6      		in __tmp_reg__,__SREG__
 2015 091e F894      		cli
 2016 0920 DEBF      		out __SP_H__,r29
 2017 0922 0FBE      		out __SREG__,__tmp_reg__
 2018 0924 CDBF      		out __SP_L__,r28
 2019               	/* prologue: function */
 2020               	/* frame size = 110 */
 2021 0926 6C01      		movw r12,r24
 2022               	.LM256:
 2023 0928 8DB7      		in r24,__SP_L__
 2024 092a 9EB7      		in r25,__SP_H__
 2025               	.LVL110:
 2026 092c 0897      		sbiw r24,8
 2027 092e 0FB6      		in __tmp_reg__,__SREG__
 2028 0930 F894      		cli
 2029 0932 9EBF      		out __SP_H__,r25
 2030 0934 0FBE      		out __SREG__,__tmp_reg__
 2031 0936 8DBF      		out __SP_L__,r24
 2032 0938 EDB7      		in r30,__SP_L__
 2033 093a FEB7      		in r31,__SP_H__
 2034 093c 3196      		adiw r30,1
 2035 093e 9FE1      		ldi r25,lo8(31)
 2036 0940 E92E      		mov r14,r25
 2037 0942 F12C      		mov r15,__zero_reg__
 2038 0944 EC0E      		add r14,r28
 2039 0946 FD1E      		adc r15,r29
 2040 0948 ADB7      		in r26,__SP_L__
 2041 094a BEB7      		in r27,__SP_H__
 2042 094c 1296      		adiw r26,1+1
 2043 094e FC92      		st X,r15
 2044 0950 EE92      		st -X,r14
 2045 0952 1197      		sbiw r26,1
 2046 0954 80E0      		ldi r24,lo8(.LC9)
 2047 0956 90E0      		ldi r25,hi8(.LC9)
 2048 0958 9383      		std Z+3,r25
 2049 095a 8283      		std Z+2,r24
 2050 095c 80E0      		ldi r24,lo8(.LC1)
 2051 095e 90E0      		ldi r25,hi8(.LC1)
 2052 0960 9583      		std Z+5,r25
 2053 0962 8483      		std Z+4,r24
 2054 0964 D782      		std Z+7,r13
 2055 0966 C682      		std Z+6,r12
 2056 0968 0E94 0000 		call sprintf
 2057               	.LM257:
 2058 096c 8DB7      		in r24,__SP_L__
 2059 096e 9EB7      		in r25,__SP_H__
 2060 0970 0896      		adiw r24,8
 2061 0972 0FB6      		in __tmp_reg__,__SREG__
 2062 0974 F894      		cli
 2063 0976 9EBF      		out __SP_H__,r25
 2064 0978 0FBE      		out __SREG__,__tmp_reg__
 2065 097a 8DBF      		out __SP_L__,r24
 2066 097c 8E01      		movw r16,r28
 2067 097e 055F      		subi r16,lo8(-(11))
 2068 0980 1F4F      		sbci r17,hi8(-(11))
 2069 0982 C701      		movw r24,r14
 2070 0984 B801      		movw r22,r16
 2071 0986 0E94 0000 		call wifi_http
 2072               	.LM258:
 2073 098a C801      		movw r24,r16
 2074 098c B601      		movw r22,r12
 2075 098e 8E01      		movw r16,r28
 2076 0990 0F5F      		subi r16,lo8(-(1))
 2077 0992 1F4F      		sbci r17,hi8(-(1))
 2078 0994 A801      		movw r20,r16
 2079 0996 0E94 0000 		call jsonparser
 2080               	.LM259:
 2081 099a C801      		movw r24,r16
 2082 099c 0E94 0000 		call atoi
 2083               	/* epilogue start */
 2084               	.LM260:
 2085 09a0 C259      		subi r28,lo8(-(110))
 2086 09a2 DF4F      		sbci r29,hi8(-(110))
 2087 09a4 0FB6      		in __tmp_reg__,__SREG__
 2088 09a6 F894      		cli
 2089 09a8 DEBF      		out __SP_H__,r29
 2090 09aa 0FBE      		out __SREG__,__tmp_reg__
 2091 09ac CDBF      		out __SP_L__,r28
 2092 09ae CF91      		pop r28
 2093 09b0 DF91      		pop r29
 2094 09b2 1F91      		pop r17
 2095 09b4 0F91      		pop r16
 2096 09b6 FF90      		pop r15
 2097 09b8 EF90      		pop r14
 2098 09ba DF90      		pop r13
 2099 09bc CF90      		pop r12
 2100               	.LVL111:
 2101 09be 0895      		ret
 2102               	.LFE27:
 2104               	.global	data_retrieve
 2106               	data_retrieve:
 2107               	.LFB28:
 2108               	.LM261:
 2109               	.LVL112:
 2110 09c0 AF92      		push r10
 2111 09c2 BF92      		push r11
 2112 09c4 CF92      		push r12
 2113 09c6 DF92      		push r13
 2114 09c8 EF92      		push r14
 2115 09ca FF92      		push r15
 2116 09cc 0F93      		push r16
 2117 09ce 1F93      		push r17
 2118 09d0 DF93      		push r29
 2119 09d2 CF93      		push r28
 2120 09d4 CDB7      		in r28,__SP_L__
 2121 09d6 DEB7      		in r29,__SP_H__
 2122 09d8 CE56      		subi r28,lo8(-(-110))
 2123 09da D040      		sbci r29,hi8(-(-110))
 2124 09dc 0FB6      		in __tmp_reg__,__SREG__
 2125 09de F894      		cli
 2126 09e0 DEBF      		out __SP_H__,r29
 2127 09e2 0FBE      		out __SREG__,__tmp_reg__
 2128 09e4 CDBF      		out __SP_L__,r28
 2129               	/* prologue: function */
 2130               	/* frame size = 110 */
 2131 09e6 6C01      		movw r12,r24
 2132 09e8 5B01      		movw r10,r22
 2133               	.LM262:
 2134 09ea 8DB7      		in r24,__SP_L__
 2135 09ec 9EB7      		in r25,__SP_H__
 2136               	.LVL113:
 2137 09ee 0897      		sbiw r24,8
 2138 09f0 0FB6      		in __tmp_reg__,__SREG__
 2139 09f2 F894      		cli
 2140 09f4 9EBF      		out __SP_H__,r25
 2141 09f6 0FBE      		out __SREG__,__tmp_reg__
 2142 09f8 8DBF      		out __SP_L__,r24
 2143 09fa EDB7      		in r30,__SP_L__
 2144 09fc FEB7      		in r31,__SP_H__
 2145 09fe 3196      		adiw r30,1
 2146 0a00 2FE1      		ldi r18,lo8(31)
 2147 0a02 E22E      		mov r14,r18
 2148 0a04 F12C      		mov r15,__zero_reg__
 2149 0a06 EC0E      		add r14,r28
 2150 0a08 FD1E      		adc r15,r29
 2151 0a0a ADB7      		in r26,__SP_L__
 2152 0a0c BEB7      		in r27,__SP_H__
 2153 0a0e 1296      		adiw r26,1+1
 2154 0a10 FC92      		st X,r15
 2155 0a12 EE92      		st -X,r14
 2156 0a14 1197      		sbiw r26,1
 2157 0a16 80E0      		ldi r24,lo8(.LC9)
 2158 0a18 90E0      		ldi r25,hi8(.LC9)
 2159 0a1a 9383      		std Z+3,r25
 2160 0a1c 8283      		std Z+2,r24
 2161 0a1e 80E0      		ldi r24,lo8(.LC1)
 2162 0a20 90E0      		ldi r25,hi8(.LC1)
 2163 0a22 9583      		std Z+5,r25
 2164 0a24 8483      		std Z+4,r24
 2165 0a26 D782      		std Z+7,r13
 2166 0a28 C682      		std Z+6,r12
 2167 0a2a 0E94 0000 		call sprintf
 2168               	.LVL114:
 2169               	.LM263:
 2170 0a2e 8DB7      		in r24,__SP_L__
 2171 0a30 9EB7      		in r25,__SP_H__
 2172 0a32 0896      		adiw r24,8
 2173 0a34 0FB6      		in __tmp_reg__,__SREG__
 2174 0a36 F894      		cli
 2175 0a38 9EBF      		out __SP_H__,r25
 2176 0a3a 0FBE      		out __SREG__,__tmp_reg__
 2177 0a3c 8DBF      		out __SP_L__,r24
 2178 0a3e 8E01      		movw r16,r28
 2179 0a40 055F      		subi r16,lo8(-(11))
 2180 0a42 1F4F      		sbci r17,hi8(-(11))
 2181 0a44 C701      		movw r24,r14
 2182 0a46 B801      		movw r22,r16
 2183 0a48 0E94 0000 		call wifi_http
 2184               	.LM264:
 2185 0a4c C801      		movw r24,r16
 2186 0a4e B601      		movw r22,r12
 2187 0a50 8E01      		movw r16,r28
 2188 0a52 0F5F      		subi r16,lo8(-(1))
 2189 0a54 1F4F      		sbci r17,hi8(-(1))
 2190 0a56 A801      		movw r20,r16
 2191 0a58 0E94 0000 		call jsonparser
 2192               	.LM265:
 2193 0a5c C501      		movw r24,r10
 2194 0a5e B801      		movw r22,r16
 2195 0a60 0E94 0000 		call strcpy
 2196               	/* epilogue start */
 2197               	.LM266:
 2198 0a64 C259      		subi r28,lo8(-(110))
 2199 0a66 DF4F      		sbci r29,hi8(-(110))
 2200 0a68 0FB6      		in __tmp_reg__,__SREG__
 2201 0a6a F894      		cli
 2202 0a6c DEBF      		out __SP_H__,r29
 2203 0a6e 0FBE      		out __SREG__,__tmp_reg__
 2204 0a70 CDBF      		out __SP_L__,r28
 2205 0a72 CF91      		pop r28
 2206 0a74 DF91      		pop r29
 2207 0a76 1F91      		pop r17
 2208 0a78 0F91      		pop r16
 2209 0a7a FF90      		pop r15
 2210 0a7c EF90      		pop r14
 2211 0a7e DF90      		pop r13
 2212 0a80 CF90      		pop r12
 2213               	.LVL115:
 2214 0a82 BF90      		pop r11
 2215 0a84 AF90      		pop r10
 2216               	.LVL116:
 2217 0a86 0895      		ret
 2218               	.LFE28:
 2220               	.global	serial_num
 2222               	serial_num:
 2223               	.LFB14:
 2224               	.LM267:
 2225               	.LVL117:
 2226 0a88 0F93      		push r16
 2227 0a8a 1F93      		push r17
 2228 0a8c DF93      		push r29
 2229 0a8e CF93      		push r28
 2230 0a90 CDB7      		in r28,__SP_L__
 2231 0a92 DEB7      		in r29,__SP_H__
 2232 0a94 2797      		sbiw r28,7
 2233 0a96 0FB6      		in __tmp_reg__,__SREG__
 2234 0a98 F894      		cli
 2235 0a9a DEBF      		out __SP_H__,r29
 2236 0a9c 0FBE      		out __SREG__,__tmp_reg__
 2237 0a9e CDBF      		out __SP_L__,r28
 2238               	/* prologue: function */
 2239               	/* frame size = 7 */
 2240               	.LM268:
 2241 0aa0 8E01      		movw r16,r28
 2242 0aa2 0F5F      		subi r16,lo8(-(1))
 2243 0aa4 1F4F      		sbci r17,hi8(-(1))
 2244 0aa6 B801      		movw r22,r16
 2245 0aa8 4AE0      		ldi r20,lo8(10)
 2246 0aaa 50E0      		ldi r21,hi8(10)
 2247 0aac 0E94 0000 		call itoa
 2248               	.LVL118:
 2249               	.LM269:
 2250 0ab0 C801      		movw r24,r16
 2251 0ab2 0E94 0000 		call serial_string
 2252               	/* epilogue start */
 2253               	.LM270:
 2254 0ab6 2796      		adiw r28,7
 2255 0ab8 0FB6      		in __tmp_reg__,__SREG__
 2256 0aba F894      		cli
 2257 0abc DEBF      		out __SP_H__,r29
 2258 0abe 0FBE      		out __SREG__,__tmp_reg__
 2259 0ac0 CDBF      		out __SP_L__,r28
 2260 0ac2 CF91      		pop r28
 2261 0ac4 DF91      		pop r29
 2262 0ac6 1F91      		pop r17
 2263 0ac8 0F91      		pop r16
 2264 0aca 0895      		ret
 2265               	.LFE14:
 2267               		.data
 2268               	.LC10:
 2269 0101 476F 6F67 		.string	"Google_Assistance"
 2269      6C65 5F41 
 2269      7373 6973 
 2269      7461 6E63 
 2269      6500 
 2270               		.text
 2271               	.global	complete_setup
 2273               	complete_setup:
 2274               	.LFB8:
 2275               	.LM271:
 2276               	/* prologue: function */
 2277               	/* frame size = 0 */
 2278               	.LM272:
 2279 0acc 0E94 0000 		call lcd_init
 2280               	.LM273:
 2281 0ad0 80E0      		ldi r24,lo8(.LC10)
 2282 0ad2 90E0      		ldi r25,hi8(.LC10)
 2283 0ad4 0E94 0000 		call lcd_string
 2284 0ad8 80E1      		ldi r24,lo8(10000)
 2285 0ada 97E2      		ldi r25,hi8(10000)
 2286               	.LVL119:
 2287               	.LBB91:
 2288               	.LBB92:
 2289               	.LBB93:
 2290               	.LBB94:
 2291               	.LM274:
 2292 0adc 20E9      		ldi r18,lo8(400)
 2293 0ade 31E0      		ldi r19,hi8(400)
 2294               	.L141:
 2295 0ae0 F901      		movw r30,r18
 2296               	.LVL120:
 2297               	/* #APP */
 2298               	 ;  105 "c:/winavr-20100110/lib/gcc/../../avr/include/util/delay_basic.h" 1
 2299 0ae2 3197      		1: sbiw r30,1
 2300 0ae4 01F4      		brne 1b
 2301               	 ;  0 "" 2
 2302               	/* #NOAPP */
 2303               	.LBE94:
 2304               	.LBE93:
 2305               	.LM275:
 2306 0ae6 0197      		sbiw r24,1
 2307               	.LM276:
 2308 0ae8 01F4      		brne .L141
 2309               	.LBE92:
 2310               	.LBE91:
 2311               	.LM277:
 2312 0aea 80E8      		ldi r24,lo8(9600)
 2313 0aec 95E2      		ldi r25,hi8(9600)
 2314               	.LVL121:
 2315 0aee 0E94 0000 		call serial_init
 2316               	.LVL122:
 2317               	.LM278:
 2318 0af2 82E0      		ldi r24,lo8(2)
 2319 0af4 90E0      		ldi r25,hi8(2)
 2320 0af6 0E94 0000 		call serial_select
 2321               	.LM279:
 2322 0afa 0E94 0000 		call wifi_init
 2323               	/* epilogue start */
 2324               	.LM280:
 2325 0afe 0895      		ret
 2326               	.LFE8:
 2328               		.data
 2329               	.LC11:
 2330 0113 4861 7269 		.string	"Hari"
 2330      00
 2331               	.LC12:
 2332 0118 4861 7269 		.string	"Hari_Yogesh"
 2332      5F59 6F67 
 2332      6573 6800 
 2333               	.LC13:
 2334 0124 7769 6669 		.string	"wifi cntd"
 2334      2063 6E74 
 2334      6400 
 2335               	.LC14:
 2336 012e 7672 00   		.string	"vr"
 2337               	.LC15:
 2338 0131 6861 6C6C 		.string	"hall_on"
 2338      5F6F 6E00 
 2339               	.LC16:
 2340 0139 6861 6C6C 		.string	"hall_off"
 2340      5F6F 6666 
 2340      00
 2341               	.LC17:
 2342 0142 6B69 745F 		.string	"kit_on"
 2342      6F6E 00
 2343               	.LC18:
 2344 0149 6B69 745F 		.string	"kit_off"
 2344      6F66 6600 
 2345               	.LC19:
 2346 0151 726F 6F6D 		.string	"room_on"
 2346      5F6F 6E00 
 2347               	.LC20:
 2348 0159 726F 6F6D 		.string	"room_off"
 2348      5F6F 6666 
 2348      00
 2349               	.LC21:
 2350 0162 6469 6E65 		.string	"dine_on"
 2350      5F6F 6E00 
 2351               	.LC22:
 2352 016a 6469 6E65 		.string	"dine_off"
 2352      5F6F 6666 
 2352      00
 2353               	.LC23:
 2354 0173 6F6E 00   		.string	"on"
 2355               	.LC24:
 2356 0176 6F66 6600 		.string	"off"
 2357               	.LC25:
 2358 017a 5452 5920 		.string	"TRY CONTROLING"
 2358      434F 4E54 
 2358      524F 4C49 
 2358      4E47 00
 2359               		.text
 2360               	.global	main
 2362               	main:
 2363               	.LFB48:
 2364               	.LM281:
 2365               	/* prologue: function */
 2366               	/* frame size = 0 */
 2367               	.LM282:
 2368 0b00 0E94 0000 		call complete_setup
 2369               	.LM283:
 2370 0b04 80E0      		ldi r24,lo8(.LC11)
 2371 0b06 90E0      		ldi r25,hi8(.LC11)
 2372 0b08 60E0      		ldi r22,lo8(.LC12)
 2373 0b0a 70E0      		ldi r23,hi8(.LC12)
 2374 0b0c 0E94 0000 		call wifi_connect
 2375               	.LM284:
 2376 0b10 80E0      		ldi r24,lo8(.LC13)
 2377 0b12 90E0      		ldi r25,hi8(.LC13)
 2378 0b14 0E94 0000 		call lcd_string
 2379 0b18 80E1      		ldi r24,lo8(10000)
 2380 0b1a 97E2      		ldi r25,hi8(10000)
 2381               	.LVL123:
 2382               	.LBB95:
 2383               	.LBB96:
 2384               	.LBB97:
 2385               	.LBB98:
 2386               	.LM285:
 2387 0b1c 20E9      		ldi r18,lo8(400)
 2388 0b1e 31E0      		ldi r19,hi8(400)
 2389               	.L145:
 2390 0b20 F901      		movw r30,r18
 2391               	.LVL124:
 2392               	/* #APP */
 2393               	 ;  105 "c:/winavr-20100110/lib/gcc/../../avr/include/util/delay_basic.h" 1
 2394 0b22 3197      		1: sbiw r30,1
 2395 0b24 01F4      		brne 1b
 2396               	 ;  0 "" 2
 2397               	/* #NOAPP */
 2398               	.LBE98:
 2399               	.LBE97:
 2400               	.LM286:
 2401 0b26 0197      		sbiw r24,1
 2402               	.LM287:
 2403 0b28 01F4      		brne .L145
 2404               	.L159:
 2405               	.LBE96:
 2406               	.LBE95:
 2407               	.LM288:
 2408 0b2a 80E0      		ldi r24,lo8(.LC14)
 2409 0b2c 90E0      		ldi r25,hi8(.LC14)
 2410               	.LVL125:
 2411 0b2e 60E0      		ldi r22,lo8(data)
 2412 0b30 70E0      		ldi r23,hi8(data)
 2413 0b32 0E94 0000 		call data_retrieve
 2414               	.LVL126:
 2415               	.LM289:
 2416 0b36 0E94 0000 		call lcd_clear
 2417               	.LM290:
 2418 0b3a 80E0      		ldi r24,lo8(data)
 2419 0b3c 90E0      		ldi r25,hi8(data)
 2420 0b3e 0E94 0000 		call lcd_string
 2421               	.LM291:
 2422 0b42 80E0      		ldi r24,lo8(data)
 2423 0b44 90E0      		ldi r25,hi8(data)
 2424 0b46 60E0      		ldi r22,lo8(.LC15)
 2425 0b48 70E0      		ldi r23,hi8(.LC15)
 2426 0b4a 0E94 0000 		call compare
 2427 0b4e 892B      		or r24,r25
 2428 0b50 01F0      		breq .L146
 2429               	.LM292:
 2430 0b52 82E0      		ldi r24,lo8(2)
 2431 0b54 90E0      		ldi r25,hi8(2)
 2432 0b56 60E0      		ldi r22,lo8(0)
 2433 0b58 70E0      		ldi r23,hi8(0)
 2434 0b5a 00C0      		rjmp .L161
 2435               	.L146:
 2436               	.LM293:
 2437 0b5c 80E0      		ldi r24,lo8(data)
 2438 0b5e 90E0      		ldi r25,hi8(data)
 2439 0b60 60E0      		ldi r22,lo8(.LC16)
 2440 0b62 70E0      		ldi r23,hi8(.LC16)
 2441 0b64 0E94 0000 		call compare
 2442 0b68 892B      		or r24,r25
 2443 0b6a 01F0      		breq .L148
 2444               	.LM294:
 2445 0b6c 82E0      		ldi r24,lo8(2)
 2446 0b6e 90E0      		ldi r25,hi8(2)
 2447 0b70 60E0      		ldi r22,lo8(0)
 2448 0b72 70E0      		ldi r23,hi8(0)
 2449               	.L162:
 2450 0b74 41E0      		ldi r20,lo8(1)
 2451 0b76 50E0      		ldi r21,hi8(1)
 2452               	.L160:
 2453 0b78 0E94 0000 		call write
 2454 0b7c 00C0      		rjmp .L159
 2455               	.L148:
 2456               	.LM295:
 2457 0b7e 80E0      		ldi r24,lo8(data)
 2458 0b80 90E0      		ldi r25,hi8(data)
 2459 0b82 60E0      		ldi r22,lo8(.LC17)
 2460 0b84 70E0      		ldi r23,hi8(.LC17)
 2461 0b86 0E94 0000 		call compare
 2462 0b8a 892B      		or r24,r25
 2463 0b8c 01F0      		breq .L149
 2464               	.LM296:
 2465 0b8e 82E0      		ldi r24,lo8(2)
 2466 0b90 90E0      		ldi r25,hi8(2)
 2467 0b92 61E0      		ldi r22,lo8(1)
 2468 0b94 70E0      		ldi r23,hi8(1)
 2469               	.L161:
 2470 0b96 40E0      		ldi r20,lo8(0)
 2471 0b98 50E0      		ldi r21,hi8(0)
 2472 0b9a 00C0      		rjmp .L160
 2473               	.L149:
 2474               	.LM297:
 2475 0b9c 80E0      		ldi r24,lo8(data)
 2476 0b9e 90E0      		ldi r25,hi8(data)
 2477 0ba0 60E0      		ldi r22,lo8(.LC18)
 2478 0ba2 70E0      		ldi r23,hi8(.LC18)
 2479 0ba4 0E94 0000 		call compare
 2480 0ba8 892B      		or r24,r25
 2481 0baa 01F0      		breq .L150
 2482               	.LM298:
 2483 0bac 82E0      		ldi r24,lo8(2)
 2484 0bae 90E0      		ldi r25,hi8(2)
 2485 0bb0 61E0      		ldi r22,lo8(1)
 2486 0bb2 70E0      		ldi r23,hi8(1)
 2487 0bb4 00C0      		rjmp .L162
 2488               	.L150:
 2489               	.LM299:
 2490 0bb6 80E0      		ldi r24,lo8(data)
 2491 0bb8 90E0      		ldi r25,hi8(data)
 2492 0bba 60E0      		ldi r22,lo8(.LC19)
 2493 0bbc 70E0      		ldi r23,hi8(.LC19)
 2494 0bbe 0E94 0000 		call compare
 2495 0bc2 892B      		or r24,r25
 2496 0bc4 01F0      		breq .L151
 2497               	.LM300:
 2498 0bc6 82E0      		ldi r24,lo8(2)
 2499 0bc8 90E0      		ldi r25,hi8(2)
 2500 0bca 64E0      		ldi r22,lo8(4)
 2501 0bcc 70E0      		ldi r23,hi8(4)
 2502 0bce 00C0      		rjmp .L161
 2503               	.L151:
 2504               	.LM301:
 2505 0bd0 80E0      		ldi r24,lo8(data)
 2506 0bd2 90E0      		ldi r25,hi8(data)
 2507 0bd4 60E0      		ldi r22,lo8(.LC20)
 2508 0bd6 70E0      		ldi r23,hi8(.LC20)
 2509 0bd8 0E94 0000 		call compare
 2510 0bdc 892B      		or r24,r25
 2511 0bde 01F0      		breq .L152
 2512               	.LM302:
 2513 0be0 82E0      		ldi r24,lo8(2)
 2514 0be2 90E0      		ldi r25,hi8(2)
 2515 0be4 64E0      		ldi r22,lo8(4)
 2516 0be6 70E0      		ldi r23,hi8(4)
 2517 0be8 00C0      		rjmp .L162
 2518               	.L152:
 2519               	.LM303:
 2520 0bea 80E0      		ldi r24,lo8(data)
 2521 0bec 90E0      		ldi r25,hi8(data)
 2522 0bee 60E0      		ldi r22,lo8(.LC21)
 2523 0bf0 70E0      		ldi r23,hi8(.LC21)
 2524 0bf2 0E94 0000 		call compare
 2525 0bf6 892B      		or r24,r25
 2526 0bf8 01F0      		breq .L153
 2527               	.LM304:
 2528 0bfa 82E0      		ldi r24,lo8(2)
 2529 0bfc 90E0      		ldi r25,hi8(2)
 2530 0bfe 65E0      		ldi r22,lo8(5)
 2531 0c00 70E0      		ldi r23,hi8(5)
 2532 0c02 00C0      		rjmp .L161
 2533               	.L153:
 2534               	.LM305:
 2535 0c04 80E0      		ldi r24,lo8(data)
 2536 0c06 90E0      		ldi r25,hi8(data)
 2537 0c08 60E0      		ldi r22,lo8(.LC22)
 2538 0c0a 70E0      		ldi r23,hi8(.LC22)
 2539 0c0c 0E94 0000 		call compare
 2540 0c10 892B      		or r24,r25
 2541 0c12 01F0      		breq .L154
 2542               	.LM306:
 2543 0c14 82E0      		ldi r24,lo8(2)
 2544 0c16 90E0      		ldi r25,hi8(2)
 2545 0c18 65E0      		ldi r22,lo8(5)
 2546 0c1a 70E0      		ldi r23,hi8(5)
 2547 0c1c 00C0      		rjmp .L162
 2548               	.L154:
 2549               	.LM307:
 2550 0c1e 80E0      		ldi r24,lo8(data)
 2551 0c20 90E0      		ldi r25,hi8(data)
 2552 0c22 60E0      		ldi r22,lo8(.LC23)
 2553 0c24 70E0      		ldi r23,hi8(.LC23)
 2554 0c26 0E94 0000 		call compare
 2555 0c2a 892B      		or r24,r25
 2556 0c2c 01F0      		breq .L155
 2557               	.LM308:
 2558 0c2e 0E94 0000 		call all_lights_on
 2559 0c32 00C0      		rjmp .L159
 2560               	.L155:
 2561               	.LM309:
 2562 0c34 80E0      		ldi r24,lo8(data)
 2563 0c36 90E0      		ldi r25,hi8(data)
 2564 0c38 60E0      		ldi r22,lo8(.LC24)
 2565 0c3a 70E0      		ldi r23,hi8(.LC24)
 2566 0c3c 0E94 0000 		call compare
 2567 0c40 892B      		or r24,r25
 2568 0c42 01F0      		breq .L156
 2569               	.LM310:
 2570 0c44 0E94 0000 		call all_lights_off
 2571 0c48 00C0      		rjmp .L159
 2572               	.L156:
 2573               	.LM311:
 2574 0c4a 80E0      		ldi r24,lo8(.LC25)
 2575 0c4c 90E0      		ldi r25,hi8(.LC25)
 2576 0c4e 0E94 0000 		call lcd_string
 2577 0c52 00C0      		rjmp .L159
 2578               	.LFE48:
 2580               	.global	i
 2581               	.global	i
 2582               		.section .bss
 2585               	i:
 2586 0000 0000      		.skip 2,0
 2587               		.comm data,20,1
 2588               		.comm URBuff,300,1
 2589               		.comm UQFront,1,1
 2590               		.comm UQEnd,1,1
 2919               	.Letext0:
DEFINED SYMBOLS
                            *ABS*:00000000 Google_voice_assistance_based_smart_home.c
C:\Users\user\AppData\Local\Temp/ccXPJert.s:2      *ABS*:0000003f __SREG__
C:\Users\user\AppData\Local\Temp/ccXPJert.s:3      *ABS*:0000003e __SP_H__
C:\Users\user\AppData\Local\Temp/ccXPJert.s:4      *ABS*:0000003d __SP_L__
C:\Users\user\AppData\Local\Temp/ccXPJert.s:5      *ABS*:00000034 __CCP__
C:\Users\user\AppData\Local\Temp/ccXPJert.s:6      *ABS*:00000000 __tmp_reg__
C:\Users\user\AppData\Local\Temp/ccXPJert.s:7      *ABS*:00000001 __zero_reg__
C:\Users\user\AppData\Local\Temp/ccXPJert.s:18     .text:00000000 serial_init
                            *COM*:00000001 UQEnd
                            *COM*:00000001 UQFront
C:\Users\user\AppData\Local\Temp/ccXPJert.s:84     .text:00000054 serial_finit
C:\Users\user\AppData\Local\Temp/ccXPJert.s:171    .text:000000d0 serial_read
                            *COM*:0000012c URBuff
C:\Users\user\AppData\Local\Temp/ccXPJert.s:221    .text:0000011a serial_char
C:\Users\user\AppData\Local\Temp/ccXPJert.s:240    .text:00000122 serial_string
C:\Users\user\AppData\Local\Temp/ccXPJert.s:274    .text:00000136 serial_string_P
C:\Users\user\AppData\Local\Temp/ccXPJert.s:313    .text:0000014a s_readbuffer
C:\Users\user\AppData\Local\Temp/ccXPJert.s:363    .text:00000182 serial_available
C:\Users\user\AppData\Local\Temp/ccXPJert.s:409    .text:000001c6 s_clearbuffer
C:\Users\user\AppData\Local\Temp/ccXPJert.s:430    .text:000001d6 serial_nreadw
C:\Users\user\AppData\Local\Temp/ccXPJert.s:465    .text:000001fc serial_nread
C:\Users\user\AppData\Local\Temp/ccXPJert.s:505    .text:00000228 __vector_13
C:\Users\user\AppData\Local\Temp/ccXPJert.s:585    .text:000002b2 urclear
C:\Users\user\AppData\Local\Temp/ccXPJert.s:613    .text:000002c8 lcd_write
C:\Users\user\AppData\Local\Temp/ccXPJert.s:732    .text:00000322 lcd_waitbusy
C:\Users\user\AppData\Local\Temp/ccXPJert.s:856    .text:00000374 lcd_command
C:\Users\user\AppData\Local\Temp/ccXPJert.s:880    .text:00000388 lcd_data
C:\Users\user\AppData\Local\Temp/ccXPJert.s:904    .text:0000039c lcd_gotoxy
C:\Users\user\AppData\Local\Temp/ccXPJert.s:930    .text:000003ac lcd_getxy
C:\Users\user\AppData\Local\Temp/ccXPJert.s:945    .text:000003b4 lcd_clear
C:\Users\user\AppData\Local\Temp/ccXPJert.s:960    .text:000003bc lcd_home
C:\Users\user\AppData\Local\Temp/ccXPJert.s:975    .text:000003c4 lcd_putc
C:\Users\user\AppData\Local\Temp/ccXPJert.s:1025   .text:000003ee lcd_string
C:\Users\user\AppData\Local\Temp/ccXPJert.s:1056   .text:00000406 lcd_puts_p
C:\Users\user\AppData\Local\Temp/ccXPJert.s:1097   .text:00000422 lcd_string_X
C:\Users\user\AppData\Local\Temp/ccXPJert.s:1138   .text:0000043e lcd_init
C:\Users\user\AppData\Local\Temp/ccXPJert.s:1315   .text:000004ac all_lights_off
C:\Users\user\AppData\Local\Temp/ccXPJert.s:1370   .text:0000050e all_lights_on
C:\Users\user\AppData\Local\Temp/ccXPJert.s:1425   .text:00000570 lcd_num
C:\Users\user\AppData\Local\Temp/ccXPJert.s:1472   .text:000005b4 serial_numl
C:\Users\user\AppData\Local\Temp/ccXPJert.s:1527   .text:000005f8 data_update
C:\Users\user\AppData\Local\Temp/ccXPJert.s:1632   .text:000006a6 data_updatex
C:\Users\user\AppData\Local\Temp/ccXPJert.s:1737   .text:00000754 gps_update
C:\Users\user\AppData\Local\Temp/ccXPJert.s:1850   .text:00000806 rgb_retrieve
C:\Users\user\AppData\Local\Temp/ccXPJert.s:1998   .text:00000904 data_retrievex
C:\Users\user\AppData\Local\Temp/ccXPJert.s:2106   .text:000009c0 data_retrieve
C:\Users\user\AppData\Local\Temp/ccXPJert.s:2222   .text:00000a88 serial_num
C:\Users\user\AppData\Local\Temp/ccXPJert.s:2273   .text:00000acc complete_setup
C:\Users\user\AppData\Local\Temp/ccXPJert.s:2362   .text:00000b00 main
                            *COM*:00000014 data
C:\Users\user\AppData\Local\Temp/ccXPJert.s:2585   .bss:00000000 i

UNDEFINED SYMBOLS
__udivmodsi4
__mulsi3
__divmodsi4
write
ltoa
sprintf
wifi_http
compare
jsonparser
atoi
strcpy
itoa
serial_select
wifi_init
wifi_connect
__do_copy_data
__do_clear_bss
